<?xml version="1.0" encoding="UTF-8"?>
<!-- Generated by org.testng.reporters.JUnitXMLReporter -->
<testsuite ignored="0" hostname="viveks-MacBook-Air.local" failures="2" tests="7" name="Account Page Test" time="31.027" errors="0" timestamp="2024-12-15T21:43:15 IST">
  <testcase classname="com.qa.opencart.tests.AccountPageTest" name="accPageHeaderTest" time="0.066"/>
  <testcase classname="com.qa.opencart.tests.AccountPageTest" name="accPageTitleTest" time="5.075">
    <failure type="java.lang.AssertionError" message="=====TITLE NOT FOUND======== expected [My Account11] but found [My Account]">
      <![CDATA[java.lang.AssertionError: =====TITLE NOT FOUND======== expected [My Account11] but found [My Account]
at com.qa.opencart.tests.AccountPageTest.accPageTitleTest(AccountPageTest.java:25)
at java.base/java.util.ArrayList.forEach(ArrayList.java:1541)
at java.base/java.util.concurrent.FutureTask.run(FutureTask.java:264)
at java.base/java.util.concurrent.ThreadPoolExecutor.runWorker(ThreadPoolExecutor.java:1128)
at java.base/java.util.concurrent.ThreadPoolExecutor$Worker.run(ThreadPoolExecutor.java:628)
at java.base/java.lang.Thread.run(Thread.java:834)
... Removed 22 stack frames]]>
    </failure>
  </testcase> <!-- accPageTitleTest -->
  <testcase classname="com.qa.opencart.tests.AccountPageTest" name="accPageUrlTest" time="5.08"/>
  <testcase classname="com.qa.opencart.tests.AccountPageTest" name="searchTest" time="0.838"/>
  <testcase classname="com.qa.opencart.tests.AccountPageTest" name="searchTest" time="0.583"/>
  <testcase classname="com.qa.opencart.tests.AccountPageTest" name="searchTest" time="0.606"/>
  <testcase classname="com.qa.opencart.tests.AccountPageTest" name="searchTest" time="10.47">
    <failure type="org.openqa.selenium.TimeoutException" message="Expected condition failed: waiting for presence of any elements located by By.cssSelector: div.product-thumb (tried for 10 second(s) with 500 milliseconds interval)
Build info: version: &amp;apos;4.10.0&amp;apos;, revision: &amp;apos;c14d967899&amp;apos;
System info: os.name: &amp;apos;Mac OS X&amp;apos;, os.arch: &amp;apos;aarch64&amp;apos;, os.version: &amp;apos;14.5&amp;apos;, java.version: &amp;apos;11.0.20&amp;apos;
Driver info: org.openqa.selenium.firefox.FirefoxDriver
Capabilities {acceptInsecureCerts: true, browserName: firefox, browserVersion: 133.0.3, moz:accessibilityChecks: false, moz:buildID: 20241209150345, moz:geckodriverVersion: 0.35.0, moz:headless: false, moz:platformVersion: 23.5.0, moz:processID: 39605, moz:profile: /var/folders/2j/zy7xvbdx699..., moz:shutdownTimeout: 60000, moz:webdriverClick: true, moz:windowless: false, pageLoadStrategy: normal, platformName: mac, proxy: Proxy(), setWindowRect: true, strictFileInteractability: false, timeouts: {implicit: 0, pageLoad: 300000, script: 30000}, unhandledPromptBehavior: dismiss and notify, userAgent: Mozilla/5.0 (Macintosh; Int...}
Session ID: 6f61b1fc-edb0-42e4-9fd8-68e9f09e2f11">
      <![CDATA[org.openqa.selenium.TimeoutException: Expected condition failed: waiting for presence of any elements located by By.cssSelector: div.product-thumb (tried for 10 second(s) with 500 milliseconds interval)
Build info: version: '4.10.0', revision: 'c14d967899'
System info: os.name: 'Mac OS X', os.arch: 'aarch64', os.version: '14.5', java.version: '11.0.20'
Driver info: org.openqa.selenium.firefox.FirefoxDriver
Capabilities {acceptInsecureCerts: true, browserName: firefox, browserVersion: 133.0.3, moz:accessibilityChecks: false, moz:buildID: 20241209150345, moz:geckodriverVersion: 0.35.0, moz:headless: false, moz:platformVersion: 23.5.0, moz:processID: 39605, moz:profile: /var/folders/2j/zy7xvbdx699..., moz:shutdownTimeout: 60000, moz:webdriverClick: true, moz:windowless: false, pageLoadStrategy: normal, platformName: mac, proxy: Proxy(), setWindowRect: true, strictFileInteractability: false, timeouts: {implicit: 0, pageLoad: 300000, script: 30000}, unhandledPromptBehavior: dismiss and notify, userAgent: Mozilla/5.0 (Macintosh; Int...}
Session ID: 6f61b1fc-edb0-42e4-9fd8-68e9f09e2f11
at org.openqa.selenium.support.ui.WebDriverWait.timeoutException(WebDriverWait.java:84)
at org.openqa.selenium.support.ui.FluentWait.until(FluentWait.java:230)
at com.qa.opencart.utils.ElementUtil.waitForPresenceOfElemenetsLocated(ElementUtil.java:401)
at com.qa.opencart.pages.SearchResultsPage.getSearchResultsCount(SearchResultsPage.java:25)
at com.qa.opencart.tests.AccountPageTest.searchTest(AccountPageTest.java:52)
at java.base/java.util.ArrayList.forEach(ArrayList.java:1541)
at java.base/java.util.concurrent.FutureTask.run(FutureTask.java:264)
at java.base/java.util.concurrent.ThreadPoolExecutor.runWorker(ThreadPoolExecutor.java:1128)
at java.base/java.util.concurrent.ThreadPoolExecutor$Worker.run(ThreadPoolExecutor.java:628)
at java.base/java.lang.Thread.run(Thread.java:834)
... Removed 17 stack frames]]>
    </failure>
  </testcase> <!-- searchTest -->
</testsuite> <!-- Account Page Test -->
