<?xml version="1.0" encoding="UTF-8"?>
<!-- Generated by org.testng.reporters.JUnitXMLReporter -->
<testsuite ignored="0" hostname="viveks-MacBook-Air.local" failures="2" tests="4" name="Login Page Test" time="23.795" errors="0" timestamp="2024-12-15T21:43:07 IST">
  <testcase classname="com.qa.opencart.tests.LoginPageTest" name="loginPageTitleTest" time="5.124">
    <failure type="java.lang.AssertionError" message="=====TITLE NOT FOUND======== expected [Account Login11] but found [Account Login]">
      <![CDATA[java.lang.AssertionError: =====TITLE NOT FOUND======== expected [Account Login11] but found [Account Login]
at com.qa.opencart.tests.LoginPageTest.loginPageTitleTest(LoginPageTest.java:17)
at java.base/java.util.ArrayList.forEach(ArrayList.java:1541)
at java.base/java.util.concurrent.FutureTask.run(FutureTask.java:264)
at java.base/java.util.concurrent.ThreadPoolExecutor.runWorker(ThreadPoolExecutor.java:1128)
at java.base/java.util.concurrent.ThreadPoolExecutor$Worker.run(ThreadPoolExecutor.java:628)
at java.base/java.lang.Thread.run(Thread.java:834)
... Removed 22 stack frames]]>
    </failure>
  </testcase> <!-- loginPageTitleTest -->
  <testcase classname="com.qa.opencart.tests.LoginPageTest" name="loginPageUrlTest" time="5.081"/>
  <testcase classname="com.qa.opencart.tests.LoginPageTest" name="forgotpwdLinkExitTest" time="0.109"/>
  <testcase classname="com.qa.opencart.tests.LoginPageTest" name="loginTest" time="5.708">
    <failure type="java.lang.AssertionError" message="=====TITLE NOT FOUND======== expected [My Account11] but found [My Account]">
      <![CDATA[java.lang.AssertionError: =====TITLE NOT FOUND======== expected [My Account11] but found [My Account]
at com.qa.opencart.tests.LoginPageTest.loginTest(LoginPageTest.java:40)
at java.base/java.util.ArrayList.forEach(ArrayList.java:1541)
at java.base/java.util.concurrent.FutureTask.run(FutureTask.java:264)
at java.base/java.util.concurrent.ThreadPoolExecutor.runWorker(ThreadPoolExecutor.java:1128)
at java.base/java.util.concurrent.ThreadPoolExecutor$Worker.run(ThreadPoolExecutor.java:628)
at java.base/java.lang.Thread.run(Thread.java:834)
... Removed 22 stack frames]]>
    </failure>
  </testcase> <!-- loginTest -->
</testsuite> <!-- Login Page Test -->
