{"uuid":"70a503de-cd1c-458e-837e-5423b7a6ded3","historyId":"b2020daa7b74784fc82fffb715b846b2","fullName":"com.qa.opencart.tests.LoginPageTest.loginTestWithInvalidcredentials","labels":[{"name":"package","value":"com.qa.opencart.tests.LoginPageTest"},{"name":"testClass","value":"com.qa.opencart.tests.LoginPageTest"},{"name":"testMethod","value":"loginTestWithInvalidcredentials"},{"name":"parentSuite","value":"Default suite"},{"name":"suite","value":"Default test"},{"name":"subSuite","value":"com.qa.opencart.tests.LoginPageTest"},{"name":"host","value":"viveks-Air"},{"name":"thread","value":"48718@viveks-Air.main(1)"},{"name":"framework","value":"testng"},{"name":"language","value":"java"},{"name":"owner","value":"Vivek Singh"},{"name":"story","value":"US 101: Design login page for open Cart Application "},{"name":"epic","value":"Epic 100: Design open cart Application with shopping workflow"},{"name":"severity","value":"blocker"}],"links":[],"name":"loginTestWithInvalidcredentials","status":"broken","statusDetails":{"known":false,"muted":false,"flaky":false,"message":"VALUE IS NULLnull","trace":"com.qa.opencart.ecpections.ElementException: VALUE IS NULLnull\n\tat com.qa.opencart.utils.ElementUtil.nullCheck(ElementUtil.java:44)\n\tat com.qa.opencart.utils.ElementUtil.doSendKeys(ElementUtil.java:64)\n\tat com.qa.opencart.pages.LoginPage.doLogin(LoginPage.java:70)\n\tat com.qa.opencart.tests.LoginPageTest.loginTestWithInvalidcredentials(LoginPageTest.java:82)\n\tat java.base/jdk.internal.reflect.NativeMethodAccessorImpl.invoke0(Native Method)\n\tat java.base/jdk.internal.reflect.NativeMethodAccessorImpl.invoke(NativeMethodAccessorImpl.java:62)\n\tat java.base/jdk.internal.reflect.DelegatingMethodAccessorImpl.invoke(DelegatingMethodAccessorImpl.java:43)\n\tat java.base/java.lang.reflect.Method.invoke(Method.java:566)\n\tat org.testng.internal.MethodInvocationHelper.invokeMethod(MethodInvocationHelper.java:133)\n\tat org.testng.internal.TestInvoker.invokeMethod(TestInvoker.java:598)\n\tat org.testng.internal.TestInvoker.invokeTestMethod(TestInvoker.java:173)\n\tat org.testng.internal.MethodRunner.runInSequence(MethodRunner.java:46)\n\tat org.testng.internal.TestInvoker$MethodInvocationAgent.invoke(TestInvoker.java:824)\n\tat org.testng.internal.TestInvoker.invokeTestMethods(TestInvoker.java:146)\n\tat org.testng.internal.TestMethodWorker.invokeTestMethods(TestMethodWorker.java:146)\n\tat org.testng.internal.TestMethodWorker.run(TestMethodWorker.java:128)\n\tat java.base/java.util.ArrayList.forEach(ArrayList.java:1541)\n\tat org.testng.TestRunner.privateRun(TestRunner.java:794)\n\tat org.testng.TestRunner.run(TestRunner.java:596)\n\tat org.testng.SuiteRunner.runTest(SuiteRunner.java:377)\n\tat org.testng.SuiteRunner.runSequentially(SuiteRunner.java:371)\n\tat org.testng.SuiteRunner.privateRun(SuiteRunner.java:332)\n\tat org.testng.SuiteRunner.run(SuiteRunner.java:276)\n\tat org.testng.SuiteRunnerWorker.runSuite(SuiteRunnerWorker.java:53)\n\tat org.testng.SuiteRunnerWorker.run(SuiteRunnerWorker.java:96)\n\tat org.testng.TestNG.runSuitesSequentially(TestNG.java:1212)\n\tat org.testng.TestNG.runSuitesLocally(TestNG.java:1134)\n\tat org.testng.TestNG.runSuites(TestNG.java:1063)\n\tat org.testng.TestNG.run(TestNG.java:1031)\n\tat org.testng.remote.AbstractRemoteTestNG.run(AbstractRemoteTestNG.java:115)\n\tat org.testng.remote.RemoteTestNG.initAndRun(RemoteTestNG.java:251)\n\tat org.testng.remote.RemoteTestNG.main(RemoteTestNG.java:77)\n"},"stage":"finished","description":"Checking user is NOT able to login giving Invalidcredentials------","steps":[{"name":"login to application with username: random@random.com and password: null","status":"broken","statusDetails":{"known":false,"muted":false,"flaky":false,"message":"VALUE IS NULLnull","trace":"com.qa.opencart.ecpections.ElementException: VALUE IS NULLnull\n\tat com.qa.opencart.utils.ElementUtil.nullCheck(ElementUtil.java:44)\n\tat com.qa.opencart.utils.ElementUtil.doSendKeys(ElementUtil.java:64)\n\tat com.qa.opencart.pages.LoginPage.doLogin(LoginPage.java:70)\n\tat com.qa.opencart.tests.LoginPageTest.loginTestWithInvalidcredentials(LoginPageTest.java:82)\n\tat java.base/jdk.internal.reflect.NativeMethodAccessorImpl.invoke0(Native Method)\n\tat java.base/jdk.internal.reflect.NativeMethodAccessorImpl.invoke(NativeMethodAccessorImpl.java:62)\n\tat java.base/jdk.internal.reflect.DelegatingMethodAccessorImpl.invoke(DelegatingMethodAccessorImpl.java:43)\n\tat java.base/java.lang.reflect.Method.invoke(Method.java:566)\n\tat org.testng.internal.MethodInvocationHelper.invokeMethod(MethodInvocationHelper.java:133)\n\tat org.testng.internal.TestInvoker.invokeMethod(TestInvoker.java:598)\n\tat org.testng.internal.TestInvoker.invokeTestMethod(TestInvoker.java:173)\n\tat org.testng.internal.MethodRunner.runInSequence(MethodRunner.java:46)\n\tat org.testng.internal.TestInvoker$MethodInvocationAgent.invoke(TestInvoker.java:824)\n\tat org.testng.internal.TestInvoker.invokeTestMethods(TestInvoker.java:146)\n\tat org.testng.internal.TestMethodWorker.invokeTestMethods(TestMethodWorker.java:146)\n\tat org.testng.internal.TestMethodWorker.run(TestMethodWorker.java:128)\n\tat java.base/java.util.ArrayList.forEach(ArrayList.java:1541)\n\tat org.testng.TestRunner.privateRun(TestRunner.java:794)\n\tat org.testng.TestRunner.run(TestRunner.java:596)\n\tat org.testng.SuiteRunner.runTest(SuiteRunner.java:377)\n\tat org.testng.SuiteRunner.runSequentially(SuiteRunner.java:371)\n\tat org.testng.SuiteRunner.privateRun(SuiteRunner.java:332)\n\tat org.testng.SuiteRunner.run(SuiteRunner.java:276)\n\tat org.testng.SuiteRunnerWorker.runSuite(SuiteRunnerWorker.java:53)\n\tat org.testng.SuiteRunnerWorker.run(SuiteRunnerWorker.java:96)\n\tat org.testng.TestNG.runSuitesSequentially(TestNG.java:1212)\n\tat org.testng.TestNG.runSuitesLocally(TestNG.java:1134)\n\tat org.testng.TestNG.runSuites(TestNG.java:1063)\n\tat org.testng.TestNG.run(TestNG.java:1031)\n\tat org.testng.remote.AbstractRemoteTestNG.run(AbstractRemoteTestNG.java:115)\n\tat org.testng.remote.RemoteTestNG.initAndRun(RemoteTestNG.java:251)\n\tat org.testng.remote.RemoteTestNG.main(RemoteTestNG.java:77)\n"},"stage":"finished","steps":[{"name":"etening value random@random.com in text field locator: By.id: input-email and waiting for element with : 10 secs","status":"passed","stage":"finished","steps":[],"attachments":[],"parameters":[{"name":"locator","value":"By.id: input-email"},{"name":"value","value":"random@random.com"},{"name":"timeOut","value":"10"}],"start":1734797626990,"stop":1734797628419}],"attachments":[],"parameters":[{"name":"username","value":"random@random.com"},{"name":"pwd","value":"null"}],"start":1734797626987,"stop":1734797628420}],"attachments":[{"name":"Page screenshot","source":"4f768dc1-5f40-4ce7-b171-cfb085856258-attachment","type":"image/png"},{"name":"loginTestWithInvalidcredentials failed and screenshot taken!","source":"a4d1ef4b-a626-4089-8083-e79c7252268a-attachment","type":"text/plain"}],"parameters":[],"start":1734797626986,"stop":1734797628697}