<!DOCTYPE html>

<html>
  <head>
  <meta charset='utf-8'>
  <title>TestNG reports</title>

    <link type="text/css" href="testng-reports1.css" rel="stylesheet" id="ultra" />
    <link type="text/css" href="testng-reports.css" rel="stylesheet" id="retro" disabled="false"/>
    <script type="text/javascript" src="jquery.min.js"></script>
    <script type="text/javascript" src="testng-reports.js"></script>
    <script type="text/javascript" src="https://www.google.com/jsapi"></script>
    <script type='text/javascript'>
      google.load('visualization', '1', {packages:['table']});
      google.setOnLoadCallback(drawTable);
      var suiteTableInitFunctions = new Array();
      var suiteTableData = new Array();
    </script>
    <!--
      <script type="text/javascript" src="jquery-ui/js/jquery-ui-1.8.16.custom.min.js"></script>
     -->
  </head>

  <body>
    <div class="top-banner-root">
      <span class="top-banner-title-font">Test results</span>
      <button id="button" class="button">Switch Retro Theme</button> <!-- button -->
      <br/>
      <span class="top-banner-font-1">1 suite, 2 failed tests</span>
    </div> <!-- top-banner-root -->
    <div class="navigator-root">
      <div class="navigator-suite-header">
        <span>All suites</span>
        <a href="#" title="Collapse/expand all the suites" class="collapse-all-link">
          <img src="collapseall.gif" class="collapse-all-icon">
          </img> <!-- collapse-all-icon -->
        </a> <!-- collapse-all-link -->
      </div> <!-- navigator-suite-header -->
      <div class="suite">
        <div class="rounded-window">
          <div class="suite-header light-rounded-window-top">
            <a href="#" panel-name="suite-Opencart_App_Test_Regression_Suite" class="navigator-link">
              <span class="suite-name border-failed">Opencart App Test Regression Suite</span>
            </a> <!-- navigator-link -->
          </div> <!-- suite-header light-rounded-window-top -->
          <div class="navigator-suite-content">
            <div class="suite-section-title">
              <span>Info</span>
            </div> <!-- suite-section-title -->
            <div class="suite-section-content">
              <ul>
                <li>
                  <a href="#" panel-name="test-xml-Opencart_App_Test_Regression_Suite" class="navigator-link ">
                    <span>test_regression.xml</span>
                  </a> <!-- navigator-link  -->
                </li>
                <li>
                  <a href="#" panel-name="testlist-Opencart_App_Test_Regression_Suite" class="navigator-link ">
                    <span class="test-stats">4 tests</span>
                  </a> <!-- navigator-link  -->
                </li>
                <li>
                  <a href="#" panel-name="group-Opencart_App_Test_Regression_Suite" class="navigator-link ">
                    <span>0 groups</span>
                  </a> <!-- navigator-link  -->
                </li>
                <li>
                  <a href="#" panel-name="times-Opencart_App_Test_Regression_Suite" class="navigator-link ">
                    <span>Times</span>
                  </a> <!-- navigator-link  -->
                </li>
                <li>
                  <a href="#" panel-name="reporter-Opencart_App_Test_Regression_Suite" class="navigator-link ">
                    <span>Reporter output</span>
                  </a> <!-- navigator-link  -->
                </li>
                <li>
                  <a href="#" panel-name="ignored-methods-Opencart_App_Test_Regression_Suite" class="navigator-link ">
                    <span>Ignored methods</span>
                  </a> <!-- navigator-link  -->
                </li>
                <li>
                  <a href="#" panel-name="chronological-Opencart_App_Test_Regression_Suite" class="navigator-link ">
                    <span>Chronological view</span>
                  </a> <!-- navigator-link  -->
                </li>
              </ul>
            </div> <!-- suite-section-content -->
            <div class="result-section">
              <div class="suite-section-title">
                <span>Results</span>
              </div> <!-- suite-section-title -->
              <div class="suite-section-content">
                <ul>
                  <li>
                    <span class="method-stats">30 methods, 2 failed,  6 skipped,  22 passed</span>
                  </li>
                  <li>
                    <span class="method-list-title failed">Failed methods</span>
                    <span class="show-or-hide-methods failed">
                      <a href="#" panel-name="suite-Opencart_App_Test_Regression_Suite" class="hide-methods failed suite-Opencart_App_Test_Regression_Suite"> (hide)</a> <!-- hide-methods failed suite-Opencart_App_Test_Regression_Suite -->
                      <a href="#" panel-name="suite-Opencart_App_Test_Regression_Suite" class="show-methods failed suite-Opencart_App_Test_Regression_Suite"> (show)</a> <!-- show-methods failed suite-Opencart_App_Test_Regression_Suite -->
                    </span>
                    <div class="method-list-content failed suite-Opencart_App_Test_Regression_Suite">
                      <span>
                        <img src="failed.png" width="3%"/>
                        <a href="#" panel-name="suite-Opencart_App_Test_Regression_Suite" title="com.qa.opencart.tests.ProductInfoPageTest" class="method navigator-link" hash-for-method="productImagesCountTest(imac, imac, 3)">productImagesCountTest(imac, imac, 3)</a> <!-- method navigator-link -->
                      </span>
                      <br/>
                      <span>
                        <img src="failed.png" width="3%"/>
                        <a href="#" panel-name="suite-Opencart_App_Test_Regression_Suite" title="com.qa.opencart.tests.AccountPageTest" class="method navigator-link" hash-for-method="searchTest(Airtel, 0)">searchTest(Airtel, 0)</a> <!-- method navigator-link -->
                      </span>
                      <br/>
                    </div> <!-- method-list-content failed suite-Opencart_App_Test_Regression_Suite -->
                  </li>
                  <li>
                    <span class="method-list-title skipped">Retried methods</span>
                    <span class="show-or-hide-methods skipped">
                      <a href="#" panel-name="suite-Opencart_App_Test_Regression_Suite" class="hide-methods skipped suite-Opencart_App_Test_Regression_Suite"> (hide)</a> <!-- hide-methods skipped suite-Opencart_App_Test_Regression_Suite -->
                      <a href="#" panel-name="suite-Opencart_App_Test_Regression_Suite" class="show-methods skipped suite-Opencart_App_Test_Regression_Suite"> (show)</a> <!-- show-methods skipped suite-Opencart_App_Test_Regression_Suite -->
                    </span>
                    <div class="method-list-content skipped suite-Opencart_App_Test_Regression_Suite">
                      <span>
                        <img src="skipped.png" width="3%"/>
                        <a href="#" panel-name="suite-Opencart_App_Test_Regression_Suite" title="com.qa.opencart.tests.ProductInfoPageTest" class="method navigator-link" hash-for-method="productImagesCountTest(imac, imac, 3)">productImagesCountTest(imac, imac, 3)</a> <!-- method navigator-link -->
                      </span>
                      <br/>
                      <span>
                        <img src="skipped.png" width="3%"/>
                        <a href="#" panel-name="suite-Opencart_App_Test_Regression_Suite" title="com.qa.opencart.tests.ProductInfoPageTest" class="method navigator-link" hash-for-method="productImagesCountTest(imac, imac, 3)">productImagesCountTest(imac, imac, 3)</a> <!-- method navigator-link -->
                      </span>
                      <br/>
                      <span>
                        <img src="skipped.png" width="3%"/>
                        <a href="#" panel-name="suite-Opencart_App_Test_Regression_Suite" title="com.qa.opencart.tests.ProductInfoPageTest" class="method navigator-link" hash-for-method="productImagesCountTest(imac, imac, 3)">productImagesCountTest(imac, imac, 3)</a> <!-- method navigator-link -->
                      </span>
                      <br/>
                      <span>
                        <img src="skipped.png" width="3%"/>
                        <a href="#" panel-name="suite-Opencart_App_Test_Regression_Suite" title="com.qa.opencart.tests.AccountPageTest" class="method navigator-link" hash-for-method="searchTest(Airtel, 0)">searchTest(Airtel, 0)</a> <!-- method navigator-link -->
                      </span>
                      <br/>
                      <span>
                        <img src="skipped.png" width="3%"/>
                        <a href="#" panel-name="suite-Opencart_App_Test_Regression_Suite" title="com.qa.opencart.tests.AccountPageTest" class="method navigator-link" hash-for-method="searchTest(Airtel, 0)">searchTest(Airtel, 0)</a> <!-- method navigator-link -->
                      </span>
                      <br/>
                      <span>
                        <img src="skipped.png" width="3%"/>
                        <a href="#" panel-name="suite-Opencart_App_Test_Regression_Suite" title="com.qa.opencart.tests.AccountPageTest" class="method navigator-link" hash-for-method="searchTest(Airtel, 0)">searchTest(Airtel, 0)</a> <!-- method navigator-link -->
                      </span>
                      <br/>
                    </div> <!-- method-list-content skipped suite-Opencart_App_Test_Regression_Suite -->
                  </li>
                  <li>
                    <span class="method-list-title passed">Passed methods</span>
                    <span class="show-or-hide-methods passed">
                      <a href="#" panel-name="suite-Opencart_App_Test_Regression_Suite" class="hide-methods passed suite-Opencart_App_Test_Regression_Suite"> (hide)</a> <!-- hide-methods passed suite-Opencart_App_Test_Regression_Suite -->
                      <a href="#" panel-name="suite-Opencart_App_Test_Regression_Suite" class="show-methods passed suite-Opencart_App_Test_Regression_Suite"> (show)</a> <!-- show-methods passed suite-Opencart_App_Test_Regression_Suite -->
                    </span>
                    <div class="method-list-content passed suite-Opencart_App_Test_Regression_Suite">
                      <span>
                        <img src="passed.png" width="3%"/>
                        <a href="#" panel-name="suite-Opencart_App_Test_Regression_Suite" title="com.qa.opencart.tests.AccountPageTest" class="method navigator-link" hash-for-method="accPageHeaderTest">accPageHeaderTest</a> <!-- method navigator-link -->
                      </span>
                      <br/>
                      <span>
                        <img src="passed.png" width="3%"/>
                        <a href="#" panel-name="suite-Opencart_App_Test_Regression_Suite" title="com.qa.opencart.tests.AccountPageTest" class="method navigator-link" hash-for-method="accPageTitleTest">accPageTitleTest</a> <!-- method navigator-link -->
                      </span>
                      <br/>
                      <span>
                        <img src="passed.png" width="3%"/>
                        <a href="#" panel-name="suite-Opencart_App_Test_Regression_Suite" title="com.qa.opencart.tests.AccountPageTest" class="method navigator-link" hash-for-method="accPageUrlTest">accPageUrlTest</a> <!-- method navigator-link -->
                      </span>
                      <br/>
                      <span>
                        <img src="passed.png" width="3%"/>
                        <a href="#" panel-name="suite-Opencart_App_Test_Regression_Suite" title="com.qa.opencart.tests.LoginPageTest" class="method navigator-link" hash-for-method="forgotpwdLinkExitTest">forgotpwdLinkExitTest</a> <!-- method navigator-link -->
                      </span>
                      <br/>
                      <span>
                        <img src="passed.png" width="3%"/>
                        <a href="#" panel-name="suite-Opencart_App_Test_Regression_Suite" title="com.qa.opencart.tests.LoginPageTest" class="method navigator-link" hash-for-method="loginPageTitleTest">loginPageTitleTest</a> <!-- method navigator-link -->
                      </span>
                      <br/>
                      <span>
                        <img src="passed.png" width="3%"/>
                        <a href="#" panel-name="suite-Opencart_App_Test_Regression_Suite" title="com.qa.opencart.tests.LoginPageTest" class="method navigator-link" hash-for-method="loginPageUrlTest">loginPageUrlTest</a> <!-- method navigator-link -->
                      </span>
                      <br/>
                      <span>
                        <img src="passed.png" width="3%"/>
                        <a href="#" panel-name="suite-Opencart_App_Test_Regression_Suite" title="com.qa.opencart.tests.LoginPageTest" class="method navigator-link" hash-for-method="loginTest">loginTest</a> <!-- method navigator-link -->
                      </span>
                      <br/>
                      <span>
                        <img src="passed.png" width="3%"/>
                        <a href="#" panel-name="suite-Opencart_App_Test_Regression_Suite" title="com.qa.opencart.tests.ProductInfoPageTest" class="method navigator-link" hash-for-method="productHeaderTest(macbook, MacBook Pro)">productHeaderTest(macbook, MacBook Pro)</a> <!-- method navigator-link -->
                      </span>
                      <br/>
                      <span>
                        <img src="passed.png" width="3%"/>
                        <a href="#" panel-name="suite-Opencart_App_Test_Regression_Suite" title="com.qa.opencart.tests.ProductInfoPageTest" class="method navigator-link" hash-for-method="productHeaderTest(samsung, Samsung SyncMaster 941BW)">productHeaderTest(samsung, Samsung SyncMaster 941BW)</a> <!-- method navigator-link -->
                      </span>
                      <br/>
                      <span>
                        <img src="passed.png" width="3%"/>
                        <a href="#" panel-name="suite-Opencart_App_Test_Regression_Suite" title="com.qa.opencart.tests.ProductInfoPageTest" class="method navigator-link" hash-for-method="productHeaderTest(imac, iMac)">productHeaderTest(imac, iMac)</a> <!-- method navigator-link -->
                      </span>
                      <br/>
                      <span>
                        <img src="passed.png" width="3%"/>
                        <a href="#" panel-name="suite-Opencart_App_Test_Regression_Suite" title="com.qa.opencart.tests.ProductInfoPageTest" class="method navigator-link" hash-for-method="productHeaderTest(canon, Canon EOS 5D)">productHeaderTest(canon, Canon EOS 5D)</a> <!-- method navigator-link -->
                      </span>
                      <br/>
                      <span>
                        <img src="passed.png" width="3%"/>
                        <a href="#" panel-name="suite-Opencart_App_Test_Regression_Suite" title="com.qa.opencart.tests.ProductInfoPageTest" class="method navigator-link" hash-for-method="productImagesCountTest(samsung, Samsung Galaxy Tab 10.1, 7)">productImagesCountTest(samsung, Samsung Galaxy Tab 10.1, 7)</a> <!-- method navigator-link -->
                      </span>
                      <br/>
                      <span>
                        <img src="passed.png" width="3%"/>
                        <a href="#" panel-name="suite-Opencart_App_Test_Regression_Suite" title="com.qa.opencart.tests.ProductInfoPageTest" class="method navigator-link" hash-for-method="productImagesCountTest(macbook, MacBook Pro, 4)">productImagesCountTest(macbook, MacBook Pro, 4)</a> <!-- method navigator-link -->
                      </span>
                      <br/>
                      <span>
                        <img src="passed.png" width="3%"/>
                        <a href="#" panel-name="suite-Opencart_App_Test_Regression_Suite" title="com.qa.opencart.tests.ProductInfoPageTest" class="method navigator-link" hash-for-method="productImagesCountTest(samsung, Samsung SyncMaster 941BW, 1)">productImagesCountTest(samsung, Samsung SyncMaster 941BW, 1)</a> <!-- method navigator-link -->
                      </span>
                      <br/>
                      <span>
                        <img src="passed.png" width="3%"/>
                        <a href="#" panel-name="suite-Opencart_App_Test_Regression_Suite" title="com.qa.opencart.tests.ProductInfoPageTest" class="method navigator-link" hash-for-method="productImagesCountTest(canon, Canon EOS 5D, 3)">productImagesCountTest(canon, Canon EOS 5D, 3)</a> <!-- method navigator-link -->
                      </span>
                      <br/>
                      <span>
                        <img src="passed.png" width="3%"/>
                        <a href="#" panel-name="suite-Opencart_App_Test_Regression_Suite" title="com.qa.opencart.tests.ProductInfoPageTest" class="method navigator-link" hash-for-method="productInfoTest">productInfoTest</a> <!-- method navigator-link -->
                      </span>
                      <br/>
                      <span>
                        <img src="passed.png" width="3%"/>
                        <a href="#" panel-name="suite-Opencart_App_Test_Regression_Suite" title="com.qa.opencart.tests.AccountPageTest" class="method navigator-link" hash-for-method="searchTest(macbook, 3)">searchTest(macbook, 3)</a> <!-- method navigator-link -->
                      </span>
                      <br/>
                      <span>
                        <img src="passed.png" width="3%"/>
                        <a href="#" panel-name="suite-Opencart_App_Test_Regression_Suite" title="com.qa.opencart.tests.AccountPageTest" class="method navigator-link" hash-for-method="searchTest(samsung, 2)">searchTest(samsung, 2)</a> <!-- method navigator-link -->
                      </span>
                      <br/>
                      <span>
                        <img src="passed.png" width="3%"/>
                        <a href="#" panel-name="suite-Opencart_App_Test_Regression_Suite" title="com.qa.opencart.tests.AccountPageTest" class="method navigator-link" hash-for-method="searchTest(imac, 1)">searchTest(imac, 1)</a> <!-- method navigator-link -->
                      </span>
                      <br/>
                      <span>
                        <img src="passed.png" width="3%"/>
                        <a href="#" panel-name="suite-Opencart_App_Test_Regression_Suite" title="com.qa.opencart.tests.ResigterPageTest" class="method navigator-link" hash-for-method="userRegisterationTest(naveen, singh, 7702921111&#039;, 1234.0, yes)">userRegisterationTest(naveen, singh, 7702921111', 1234.0, yes)</a> <!-- method navigator-link -->
                      </span>
                      <br/>
                      <span>
                        <img src="passed.png" width="3%"/>
                        <a href="#" panel-name="suite-Opencart_App_Test_Regression_Suite" title="com.qa.opencart.tests.ResigterPageTest" class="method navigator-link" hash-for-method="userRegisterationTest(vivek, singh, 7702921111, 1234.0, yes)">userRegisterationTest(vivek, singh, 7702921111, 1234.0, yes)</a> <!-- method navigator-link -->
                      </span>
                      <br/>
                      <span>
                        <img src="passed.png" width="3%"/>
                        <a href="#" panel-name="suite-Opencart_App_Test_Regression_Suite" title="com.qa.opencart.tests.ResigterPageTest" class="method navigator-link" hash-for-method="userRegisterationTest(ram , ji, 7702921111, 1234.0, no)">userRegisterationTest(ram , ji, 7702921111, 1234.0, no)</a> <!-- method navigator-link -->
                      </span>
                      <br/>
                    </div> <!-- method-list-content passed suite-Opencart_App_Test_Regression_Suite -->
                  </li>
                </ul>
              </div> <!-- suite-section-content -->
            </div> <!-- result-section -->
          </div> <!-- navigator-suite-content -->
        </div> <!-- rounded-window -->
      </div> <!-- suite -->
    </div> <!-- navigator-root -->
    <div class="wrapper">
      <div class="main-panel-root">
        <div panel-name="suite-Opencart_App_Test_Regression_Suite" class="panel Opencart_App_Test_Regression_Suite">
          <div class="suite-Opencart_App_Test_Regression_Suite-class-failed">
            <div class="main-panel-header rounded-window-top">
              <img src="failed.png"/>
              <span class="class-name">com.qa.opencart.tests.ProductInfoPageTest</span>
            </div> <!-- main-panel-header rounded-window-top -->
            <div class="main-panel-content rounded-window-bottom">
              <div class="method">
                <div class="method-content">
                  <a name="productImagesCountTest(imac, imac, 3)">
                  </a> <!-- productImagesCountTest(imac, imac, 3) -->
                  <span class="method-name">productImagesCountTest</span>
                  <span class="parameters">(imac, imac, 3)</span>
                  <div class="stack-trace">org.openqa.selenium.TimeoutException: Expected condition failed: waiting for visibility of element located by By.linkText: imac (tried for 5 second(s) with 500 milliseconds interval)
Build info: version: &apos;4.23.1&apos;, revision: &apos;656257d8e9&apos;
System info: os.name: &apos;Mac OS X&apos;, os.arch: &apos;aarch64&apos;, os.version: &apos;14.5&apos;, java.version: &apos;11.0.20&apos;
Driver info: org.openqa.selenium.edge.EdgeDriver
Capabilities {acceptInsecureCerts: false, browserName: MicrosoftEdge, browserVersion: 131.0.2903.112, fedcm:accounts: true, ms:edgeOptions: {debuggerAddress: localhost:65225}, msedge: {msedgedriverVersion: 131.0.2903.112 (16ab910a6e7..., userDataDir: /var/folders/2j/zy7xvbdx699...}, networkConnectionEnabled: false, pageLoadStrategy: normal, platformName: mac, proxy: Proxy(), se:cdp: ws://localhost:65225/devtoo..., se:cdpVersion: 131.0.2903.112, setWindowRect: true, strictFileInteractability: false, timeouts: {implicit: 0, pageLoad: 300000, script: 30000}, unhandledPromptBehavior: dismiss and notify, webauthn:extension:credBlob: true, webauthn:extension:largeBlob: true, webauthn:extension:minPinLength: true, webauthn:extension:prf: true, webauthn:virtualAuthenticators: true}
Session ID: 7a3b7912e715916b4f01ce091e76fba8
	at org.openqa.selenium.support.ui.WebDriverWait.timeoutException(WebDriverWait.java:84)
	at org.openqa.selenium.support.ui.FluentWait.until(FluentWait.java:228)
	at com.qa.opencart.utils.ElementUtil.waitForElementVisible(ElementUtil.java:390)
	at com.qa.opencart.utils.ElementUtil.doClick(ElementUtil.java:103)
	at com.qa.opencart.pages.SearchResultsPage.selectProduct(SearchResultsPage.java:37)
	at com.qa.opencart.tests.ProductInfoPageTest.productImagesCountTest(ProductInfoPageTest.java:61)
	at java.base/jdk.internal.reflect.NativeMethodAccessorImpl.invoke0(Native Method)
	at java.base/jdk.internal.reflect.NativeMethodAccessorImpl.invoke(NativeMethodAccessorImpl.java:62)
	at java.base/jdk.internal.reflect.DelegatingMethodAccessorImpl.invoke(DelegatingMethodAccessorImpl.java:43)
	at java.base/java.lang.reflect.Method.invoke(Method.java:566)
	at org.testng.internal.MethodInvocationHelper.invokeMethod(MethodInvocationHelper.java:133)
	at org.testng.internal.TestInvoker.invokeMethod(TestInvoker.java:598)
	at org.testng.internal.TestInvoker.retryFailed(TestInvoker.java:213)
	at org.testng.internal.MethodRunner.runInSequence(MethodRunner.java:58)
	at org.testng.internal.TestInvoker$MethodInvocationAgent.invoke(TestInvoker.java:824)
	at org.testng.internal.TestInvoker.invokeTestMethods(TestInvoker.java:146)
	at org.testng.internal.TestMethodWorker.invokeTestMethods(TestMethodWorker.java:146)
	at org.testng.internal.TestMethodWorker.run(TestMethodWorker.java:128)
	at java.base/java.util.ArrayList.forEach(ArrayList.java:1541)
	at org.testng.TestRunner.privateRun(TestRunner.java:794)
	at org.testng.TestRunner.run(TestRunner.java:596)
	at org.testng.SuiteRunner.runTest(SuiteRunner.java:377)
	at org.testng.SuiteRunner.access$000(SuiteRunner.java:28)
	at org.testng.SuiteRunner$SuiteWorker.run(SuiteRunner.java:418)
	at org.testng.internal.thread.ThreadUtil.lambda$execute$0(ThreadUtil.java:64)
	at java.base/java.util.concurrent.FutureTask.run(FutureTask.java:264)
	at java.base/java.util.concurrent.ThreadPoolExecutor.runWorker(ThreadPoolExecutor.java:1128)
	at java.base/java.util.concurrent.ThreadPoolExecutor$Worker.run(ThreadPoolExecutor.java:628)
	at java.base/java.lang.Thread.run(Thread.java:834)

</div> <!-- stack-trace -->
                </div> <!-- method-content -->
              </div> <!-- method -->
            </div> <!-- main-panel-content rounded-window-bottom -->
          </div> <!-- suite-Opencart_App_Test_Regression_Suite-class-failed -->
          <div class="suite-Opencart_App_Test_Regression_Suite-class-failed">
            <div class="main-panel-header rounded-window-top">
              <img src="failed.png"/>
              <span class="class-name">com.qa.opencart.tests.AccountPageTest</span>
            </div> <!-- main-panel-header rounded-window-top -->
            <div class="main-panel-content rounded-window-bottom">
              <div class="method">
                <div class="method-content">
                  <a name="searchTest(Airtel, 0)">
                  </a> <!-- searchTest(Airtel, 0) -->
                  <span class="method-name">searchTest</span>
                  <span class="parameters">(Airtel, 0)</span>
                  <div class="stack-trace">org.openqa.selenium.TimeoutException: Expected condition failed: waiting for presence of any elements located by By.cssSelector: div.product-thumb (tried for 10 second(s) with 500 milliseconds interval)
Build info: version: &apos;4.23.1&apos;, revision: &apos;656257d8e9&apos;
System info: os.name: &apos;Mac OS X&apos;, os.arch: &apos;aarch64&apos;, os.version: &apos;14.5&apos;, java.version: &apos;11.0.20&apos;
Driver info: org.openqa.selenium.firefox.FirefoxDriver
Capabilities {acceptInsecureCerts: true, browserName: firefox, browserVersion: 133.0.3, moz:accessibilityChecks: false, moz:buildID: 20241209150345, moz:debuggerAddress: 127.0.0.1:10806, moz:geckodriverVersion: 0.35.0, moz:headless: false, moz:platformVersion: 23.5.0, moz:processID: 47380, moz:profile: /var/folders/2j/zy7xvbdx699..., moz:shutdownTimeout: 60000, moz:webdriverClick: true, moz:windowless: false, pageLoadStrategy: normal, platformName: mac, proxy: Proxy(), se:cdp: ws://127.0.0.1:10806/devtoo..., se:cdpVersion: 85.0, setWindowRect: true, strictFileInteractability: false, timeouts: {implicit: 0, pageLoad: 300000, script: 30000}, unhandledPromptBehavior: dismiss and notify, userAgent: Mozilla/5.0 (Macintosh; Int...}
Session ID: d9c2489e-9e58-49ee-abaa-3efc155565db
	at org.openqa.selenium.support.ui.WebDriverWait.timeoutException(WebDriverWait.java:84)
	at org.openqa.selenium.support.ui.FluentWait.until(FluentWait.java:228)
	at com.qa.opencart.utils.ElementUtil.waitForPresenceOfElemenetsLocated(ElementUtil.java:418)
	at com.qa.opencart.pages.SearchResultsPage.getSearchResultsCount(SearchResultsPage.java:25)
	at com.qa.opencart.tests.AccountPageTest.searchTest(AccountPageTest.java:52)
	at java.base/jdk.internal.reflect.NativeMethodAccessorImpl.invoke0(Native Method)
	at java.base/jdk.internal.reflect.NativeMethodAccessorImpl.invoke(NativeMethodAccessorImpl.java:62)
	at java.base/jdk.internal.reflect.DelegatingMethodAccessorImpl.invoke(DelegatingMethodAccessorImpl.java:43)
	at java.base/java.lang.reflect.Method.invoke(Method.java:566)
	at org.testng.internal.MethodInvocationHelper.invokeMethod(MethodInvocationHelper.java:133)
	at org.testng.internal.TestInvoker.invokeMethod(TestInvoker.java:598)
	at org.testng.internal.TestInvoker.retryFailed(TestInvoker.java:213)
	at org.testng.internal.MethodRunner.runInSequence(MethodRunner.java:58)
	at org.testng.internal.TestInvoker$MethodInvocationAgent.invoke(TestInvoker.java:824)
	at org.testng.internal.TestInvoker.invokeTestMethods(TestInvoker.java:146)
	at org.testng.internal.TestMethodWorker.invokeTestMethods(TestMethodWorker.java:146)
	at org.testng.internal.TestMethodWorker.run(TestMethodWorker.java:128)
	at java.base/java.util.ArrayList.forEach(ArrayList.java:1541)
	at org.testng.TestRunner.privateRun(TestRunner.java:794)
	at org.testng.TestRunner.run(TestRunner.java:596)
	at org.testng.SuiteRunner.runTest(SuiteRunner.java:377)
	at org.testng.SuiteRunner.access$000(SuiteRunner.java:28)
	at org.testng.SuiteRunner$SuiteWorker.run(SuiteRunner.java:418)
	at org.testng.internal.thread.ThreadUtil.lambda$execute$0(ThreadUtil.java:64)
	at java.base/java.util.concurrent.FutureTask.run(FutureTask.java:264)
	at java.base/java.util.concurrent.ThreadPoolExecutor.runWorker(ThreadPoolExecutor.java:1128)
	at java.base/java.util.concurrent.ThreadPoolExecutor$Worker.run(ThreadPoolExecutor.java:628)
	at java.base/java.lang.Thread.run(Thread.java:834)

</div> <!-- stack-trace -->
                </div> <!-- method-content -->
              </div> <!-- method -->
            </div> <!-- main-panel-content rounded-window-bottom -->
          </div> <!-- suite-Opencart_App_Test_Regression_Suite-class-failed -->
          <div class="suite-Opencart_App_Test_Regression_Suite-class-skipped">
            <div class="main-panel-header rounded-window-top">
              <img src="skipped.png"/>
              <span class="class-name">com.qa.opencart.tests.ProductInfoPageTest</span>
            </div> <!-- main-panel-header rounded-window-top -->
            <div class="main-panel-content rounded-window-bottom">
              <div class="method">
                <div class="method-content">
                  <a name="productImagesCountTest(imac, imac, 3)">
                  </a> <!-- productImagesCountTest(imac, imac, 3) -->
                  <span class="method-name">productImagesCountTest</span>
                  <span class="parameters">(imac, imac, 3)</span>
                  <div class="stack-trace">org.openqa.selenium.TimeoutException: Expected condition failed: waiting for visibility of element located by By.linkText: imac (tried for 5 second(s) with 500 milliseconds interval)
Build info: version: &apos;4.23.1&apos;, revision: &apos;656257d8e9&apos;
System info: os.name: &apos;Mac OS X&apos;, os.arch: &apos;aarch64&apos;, os.version: &apos;14.5&apos;, java.version: &apos;11.0.20&apos;
Driver info: org.openqa.selenium.edge.EdgeDriver
Capabilities {acceptInsecureCerts: false, browserName: MicrosoftEdge, browserVersion: 131.0.2903.112, fedcm:accounts: true, ms:edgeOptions: {debuggerAddress: localhost:65225}, msedge: {msedgedriverVersion: 131.0.2903.112 (16ab910a6e7..., userDataDir: /var/folders/2j/zy7xvbdx699...}, networkConnectionEnabled: false, pageLoadStrategy: normal, platformName: mac, proxy: Proxy(), se:cdp: ws://localhost:65225/devtoo..., se:cdpVersion: 131.0.2903.112, setWindowRect: true, strictFileInteractability: false, timeouts: {implicit: 0, pageLoad: 300000, script: 30000}, unhandledPromptBehavior: dismiss and notify, webauthn:extension:credBlob: true, webauthn:extension:largeBlob: true, webauthn:extension:minPinLength: true, webauthn:extension:prf: true, webauthn:virtualAuthenticators: true}
Session ID: 7a3b7912e715916b4f01ce091e76fba8
	at org.openqa.selenium.support.ui.WebDriverWait.timeoutException(WebDriverWait.java:84)
	at org.openqa.selenium.support.ui.FluentWait.until(FluentWait.java:228)
	at com.qa.opencart.utils.ElementUtil.waitForElementVisible(ElementUtil.java:390)
	at com.qa.opencart.utils.ElementUtil.doClick(ElementUtil.java:103)
	at com.qa.opencart.pages.SearchResultsPage.selectProduct(SearchResultsPage.java:37)
	at com.qa.opencart.tests.ProductInfoPageTest.productImagesCountTest(ProductInfoPageTest.java:61)
	at java.base/jdk.internal.reflect.NativeMethodAccessorImpl.invoke0(Native Method)
	at java.base/jdk.internal.reflect.NativeMethodAccessorImpl.invoke(NativeMethodAccessorImpl.java:62)
	at java.base/jdk.internal.reflect.DelegatingMethodAccessorImpl.invoke(DelegatingMethodAccessorImpl.java:43)
	at java.base/java.lang.reflect.Method.invoke(Method.java:566)
	at org.testng.internal.MethodInvocationHelper.invokeMethod(MethodInvocationHelper.java:133)
	at org.testng.internal.TestInvoker.invokeMethod(TestInvoker.java:598)
	at org.testng.internal.TestInvoker.retryFailed(TestInvoker.java:213)
	at org.testng.internal.MethodRunner.runInSequence(MethodRunner.java:58)
	at org.testng.internal.TestInvoker$MethodInvocationAgent.invoke(TestInvoker.java:824)
	at org.testng.internal.TestInvoker.invokeTestMethods(TestInvoker.java:146)
	at org.testng.internal.TestMethodWorker.invokeTestMethods(TestMethodWorker.java:146)
	at org.testng.internal.TestMethodWorker.run(TestMethodWorker.java:128)
	at java.base/java.util.ArrayList.forEach(ArrayList.java:1541)
	at org.testng.TestRunner.privateRun(TestRunner.java:794)
	at org.testng.TestRunner.run(TestRunner.java:596)
	at org.testng.SuiteRunner.runTest(SuiteRunner.java:377)
	at org.testng.SuiteRunner.access$000(SuiteRunner.java:28)
	at org.testng.SuiteRunner$SuiteWorker.run(SuiteRunner.java:418)
	at org.testng.internal.thread.ThreadUtil.lambda$execute$0(ThreadUtil.java:64)
	at java.base/java.util.concurrent.FutureTask.run(FutureTask.java:264)
	at java.base/java.util.concurrent.ThreadPoolExecutor.runWorker(ThreadPoolExecutor.java:1128)
	at java.base/java.util.concurrent.ThreadPoolExecutor$Worker.run(ThreadPoolExecutor.java:628)
	at java.base/java.lang.Thread.run(Thread.java:834)

</div> <!-- stack-trace -->
                </div> <!-- method-content -->
              </div> <!-- method -->
              <div class="method">
                <div class="method-content">
                  <a name="productImagesCountTest(imac, imac, 3)">
                  </a> <!-- productImagesCountTest(imac, imac, 3) -->
                  <span class="method-name">productImagesCountTest</span>
                  <span class="parameters">(imac, imac, 3)</span>
                  <div class="stack-trace">org.openqa.selenium.TimeoutException: Expected condition failed: waiting for visibility of element located by By.linkText: imac (tried for 5 second(s) with 500 milliseconds interval)
Build info: version: &apos;4.23.1&apos;, revision: &apos;656257d8e9&apos;
System info: os.name: &apos;Mac OS X&apos;, os.arch: &apos;aarch64&apos;, os.version: &apos;14.5&apos;, java.version: &apos;11.0.20&apos;
Driver info: org.openqa.selenium.edge.EdgeDriver
Capabilities {acceptInsecureCerts: false, browserName: MicrosoftEdge, browserVersion: 131.0.2903.112, fedcm:accounts: true, ms:edgeOptions: {debuggerAddress: localhost:65225}, msedge: {msedgedriverVersion: 131.0.2903.112 (16ab910a6e7..., userDataDir: /var/folders/2j/zy7xvbdx699...}, networkConnectionEnabled: false, pageLoadStrategy: normal, platformName: mac, proxy: Proxy(), se:cdp: ws://localhost:65225/devtoo..., se:cdpVersion: 131.0.2903.112, setWindowRect: true, strictFileInteractability: false, timeouts: {implicit: 0, pageLoad: 300000, script: 30000}, unhandledPromptBehavior: dismiss and notify, webauthn:extension:credBlob: true, webauthn:extension:largeBlob: true, webauthn:extension:minPinLength: true, webauthn:extension:prf: true, webauthn:virtualAuthenticators: true}
Session ID: 7a3b7912e715916b4f01ce091e76fba8
	at org.openqa.selenium.support.ui.WebDriverWait.timeoutException(WebDriverWait.java:84)
	at org.openqa.selenium.support.ui.FluentWait.until(FluentWait.java:228)
	at com.qa.opencart.utils.ElementUtil.waitForElementVisible(ElementUtil.java:390)
	at com.qa.opencart.utils.ElementUtil.doClick(ElementUtil.java:103)
	at com.qa.opencart.pages.SearchResultsPage.selectProduct(SearchResultsPage.java:37)
	at com.qa.opencart.tests.ProductInfoPageTest.productImagesCountTest(ProductInfoPageTest.java:61)
	at java.base/jdk.internal.reflect.NativeMethodAccessorImpl.invoke0(Native Method)
	at java.base/jdk.internal.reflect.NativeMethodAccessorImpl.invoke(NativeMethodAccessorImpl.java:62)
	at java.base/jdk.internal.reflect.DelegatingMethodAccessorImpl.invoke(DelegatingMethodAccessorImpl.java:43)
	at java.base/java.lang.reflect.Method.invoke(Method.java:566)
	at org.testng.internal.MethodInvocationHelper.invokeMethod(MethodInvocationHelper.java:133)
	at org.testng.internal.TestInvoker.invokeMethod(TestInvoker.java:598)
	at org.testng.internal.TestInvoker.invokeTestMethod(TestInvoker.java:173)
	at org.testng.internal.MethodRunner.runInSequence(MethodRunner.java:46)
	at org.testng.internal.TestInvoker$MethodInvocationAgent.invoke(TestInvoker.java:824)
	at org.testng.internal.TestInvoker.invokeTestMethods(TestInvoker.java:146)
	at org.testng.internal.TestMethodWorker.invokeTestMethods(TestMethodWorker.java:146)
	at org.testng.internal.TestMethodWorker.run(TestMethodWorker.java:128)
	at java.base/java.util.ArrayList.forEach(ArrayList.java:1541)
	at org.testng.TestRunner.privateRun(TestRunner.java:794)
	at org.testng.TestRunner.run(TestRunner.java:596)
	at org.testng.SuiteRunner.runTest(SuiteRunner.java:377)
	at org.testng.SuiteRunner.access$000(SuiteRunner.java:28)
	at org.testng.SuiteRunner$SuiteWorker.run(SuiteRunner.java:418)
	at org.testng.internal.thread.ThreadUtil.lambda$execute$0(ThreadUtil.java:64)
	at java.base/java.util.concurrent.FutureTask.run(FutureTask.java:264)
	at java.base/java.util.concurrent.ThreadPoolExecutor.runWorker(ThreadPoolExecutor.java:1128)
	at java.base/java.util.concurrent.ThreadPoolExecutor$Worker.run(ThreadPoolExecutor.java:628)
	at java.base/java.lang.Thread.run(Thread.java:834)

</div> <!-- stack-trace -->
                </div> <!-- method-content -->
              </div> <!-- method -->
              <div class="method">
                <div class="method-content">
                  <a name="productImagesCountTest(imac, imac, 3)">
                  </a> <!-- productImagesCountTest(imac, imac, 3) -->
                  <span class="method-name">productImagesCountTest</span>
                  <span class="parameters">(imac, imac, 3)</span>
                  <div class="stack-trace">org.openqa.selenium.TimeoutException: Expected condition failed: waiting for visibility of element located by By.linkText: imac (tried for 5 second(s) with 500 milliseconds interval)
Build info: version: &apos;4.23.1&apos;, revision: &apos;656257d8e9&apos;
System info: os.name: &apos;Mac OS X&apos;, os.arch: &apos;aarch64&apos;, os.version: &apos;14.5&apos;, java.version: &apos;11.0.20&apos;
Driver info: org.openqa.selenium.edge.EdgeDriver
Capabilities {acceptInsecureCerts: false, browserName: MicrosoftEdge, browserVersion: 131.0.2903.112, fedcm:accounts: true, ms:edgeOptions: {debuggerAddress: localhost:65225}, msedge: {msedgedriverVersion: 131.0.2903.112 (16ab910a6e7..., userDataDir: /var/folders/2j/zy7xvbdx699...}, networkConnectionEnabled: false, pageLoadStrategy: normal, platformName: mac, proxy: Proxy(), se:cdp: ws://localhost:65225/devtoo..., se:cdpVersion: 131.0.2903.112, setWindowRect: true, strictFileInteractability: false, timeouts: {implicit: 0, pageLoad: 300000, script: 30000}, unhandledPromptBehavior: dismiss and notify, webauthn:extension:credBlob: true, webauthn:extension:largeBlob: true, webauthn:extension:minPinLength: true, webauthn:extension:prf: true, webauthn:virtualAuthenticators: true}
Session ID: 7a3b7912e715916b4f01ce091e76fba8
	at org.openqa.selenium.support.ui.WebDriverWait.timeoutException(WebDriverWait.java:84)
	at org.openqa.selenium.support.ui.FluentWait.until(FluentWait.java:228)
	at com.qa.opencart.utils.ElementUtil.waitForElementVisible(ElementUtil.java:390)
	at com.qa.opencart.utils.ElementUtil.doClick(ElementUtil.java:103)
	at com.qa.opencart.pages.SearchResultsPage.selectProduct(SearchResultsPage.java:37)
	at com.qa.opencart.tests.ProductInfoPageTest.productImagesCountTest(ProductInfoPageTest.java:61)
	at java.base/jdk.internal.reflect.NativeMethodAccessorImpl.invoke0(Native Method)
	at java.base/jdk.internal.reflect.NativeMethodAccessorImpl.invoke(NativeMethodAccessorImpl.java:62)
	at java.base/jdk.internal.reflect.DelegatingMethodAccessorImpl.invoke(DelegatingMethodAccessorImpl.java:43)
	at java.base/java.lang.reflect.Method.invoke(Method.java:566)
	at org.testng.internal.MethodInvocationHelper.invokeMethod(MethodInvocationHelper.java:133)
	at org.testng.internal.TestInvoker.invokeMethod(TestInvoker.java:598)
	at org.testng.internal.TestInvoker.retryFailed(TestInvoker.java:213)
	at org.testng.internal.MethodRunner.runInSequence(MethodRunner.java:58)
	at org.testng.internal.TestInvoker$MethodInvocationAgent.invoke(TestInvoker.java:824)
	at org.testng.internal.TestInvoker.invokeTestMethods(TestInvoker.java:146)
	at org.testng.internal.TestMethodWorker.invokeTestMethods(TestMethodWorker.java:146)
	at org.testng.internal.TestMethodWorker.run(TestMethodWorker.java:128)
	at java.base/java.util.ArrayList.forEach(ArrayList.java:1541)
	at org.testng.TestRunner.privateRun(TestRunner.java:794)
	at org.testng.TestRunner.run(TestRunner.java:596)
	at org.testng.SuiteRunner.runTest(SuiteRunner.java:377)
	at org.testng.SuiteRunner.access$000(SuiteRunner.java:28)
	at org.testng.SuiteRunner$SuiteWorker.run(SuiteRunner.java:418)
	at org.testng.internal.thread.ThreadUtil.lambda$execute$0(ThreadUtil.java:64)
	at java.base/java.util.concurrent.FutureTask.run(FutureTask.java:264)
	at java.base/java.util.concurrent.ThreadPoolExecutor.runWorker(ThreadPoolExecutor.java:1128)
	at java.base/java.util.concurrent.ThreadPoolExecutor$Worker.run(ThreadPoolExecutor.java:628)
	at java.base/java.lang.Thread.run(Thread.java:834)

</div> <!-- stack-trace -->
                </div> <!-- method-content -->
              </div> <!-- method -->
            </div> <!-- main-panel-content rounded-window-bottom -->
          </div> <!-- suite-Opencart_App_Test_Regression_Suite-class-skipped -->
          <div class="suite-Opencart_App_Test_Regression_Suite-class-skipped">
            <div class="main-panel-header rounded-window-top">
              <img src="skipped.png"/>
              <span class="class-name">com.qa.opencart.tests.AccountPageTest</span>
            </div> <!-- main-panel-header rounded-window-top -->
            <div class="main-panel-content rounded-window-bottom">
              <div class="method">
                <div class="method-content">
                  <a name="searchTest(Airtel, 0)">
                  </a> <!-- searchTest(Airtel, 0) -->
                  <span class="method-name">searchTest</span>
                  <span class="parameters">(Airtel, 0)</span>
                  <div class="stack-trace">org.openqa.selenium.TimeoutException: Expected condition failed: waiting for presence of any elements located by By.cssSelector: div.product-thumb (tried for 10 second(s) with 500 milliseconds interval)
Build info: version: &apos;4.23.1&apos;, revision: &apos;656257d8e9&apos;
System info: os.name: &apos;Mac OS X&apos;, os.arch: &apos;aarch64&apos;, os.version: &apos;14.5&apos;, java.version: &apos;11.0.20&apos;
Driver info: org.openqa.selenium.firefox.FirefoxDriver
Capabilities {acceptInsecureCerts: true, browserName: firefox, browserVersion: 133.0.3, moz:accessibilityChecks: false, moz:buildID: 20241209150345, moz:debuggerAddress: 127.0.0.1:10806, moz:geckodriverVersion: 0.35.0, moz:headless: false, moz:platformVersion: 23.5.0, moz:processID: 47380, moz:profile: /var/folders/2j/zy7xvbdx699..., moz:shutdownTimeout: 60000, moz:webdriverClick: true, moz:windowless: false, pageLoadStrategy: normal, platformName: mac, proxy: Proxy(), se:cdp: ws://127.0.0.1:10806/devtoo..., se:cdpVersion: 85.0, setWindowRect: true, strictFileInteractability: false, timeouts: {implicit: 0, pageLoad: 300000, script: 30000}, unhandledPromptBehavior: dismiss and notify, userAgent: Mozilla/5.0 (Macintosh; Int...}
Session ID: d9c2489e-9e58-49ee-abaa-3efc155565db
	at org.openqa.selenium.support.ui.WebDriverWait.timeoutException(WebDriverWait.java:84)
	at org.openqa.selenium.support.ui.FluentWait.until(FluentWait.java:228)
	at com.qa.opencart.utils.ElementUtil.waitForPresenceOfElemenetsLocated(ElementUtil.java:418)
	at com.qa.opencart.pages.SearchResultsPage.getSearchResultsCount(SearchResultsPage.java:25)
	at com.qa.opencart.tests.AccountPageTest.searchTest(AccountPageTest.java:52)
	at java.base/jdk.internal.reflect.NativeMethodAccessorImpl.invoke0(Native Method)
	at java.base/jdk.internal.reflect.NativeMethodAccessorImpl.invoke(NativeMethodAccessorImpl.java:62)
	at java.base/jdk.internal.reflect.DelegatingMethodAccessorImpl.invoke(DelegatingMethodAccessorImpl.java:43)
	at java.base/java.lang.reflect.Method.invoke(Method.java:566)
	at org.testng.internal.MethodInvocationHelper.invokeMethod(MethodInvocationHelper.java:133)
	at org.testng.internal.TestInvoker.invokeMethod(TestInvoker.java:598)
	at org.testng.internal.TestInvoker.retryFailed(TestInvoker.java:213)
	at org.testng.internal.MethodRunner.runInSequence(MethodRunner.java:58)
	at org.testng.internal.TestInvoker$MethodInvocationAgent.invoke(TestInvoker.java:824)
	at org.testng.internal.TestInvoker.invokeTestMethods(TestInvoker.java:146)
	at org.testng.internal.TestMethodWorker.invokeTestMethods(TestMethodWorker.java:146)
	at org.testng.internal.TestMethodWorker.run(TestMethodWorker.java:128)
	at java.base/java.util.ArrayList.forEach(ArrayList.java:1541)
	at org.testng.TestRunner.privateRun(TestRunner.java:794)
	at org.testng.TestRunner.run(TestRunner.java:596)
	at org.testng.SuiteRunner.runTest(SuiteRunner.java:377)
	at org.testng.SuiteRunner.access$000(SuiteRunner.java:28)
	at org.testng.SuiteRunner$SuiteWorker.run(SuiteRunner.java:418)
	at org.testng.internal.thread.ThreadUtil.lambda$execute$0(ThreadUtil.java:64)
	at java.base/java.util.concurrent.FutureTask.run(FutureTask.java:264)
	at java.base/java.util.concurrent.ThreadPoolExecutor.runWorker(ThreadPoolExecutor.java:1128)
	at java.base/java.util.concurrent.ThreadPoolExecutor$Worker.run(ThreadPoolExecutor.java:628)
	at java.base/java.lang.Thread.run(Thread.java:834)

</div> <!-- stack-trace -->
                </div> <!-- method-content -->
              </div> <!-- method -->
              <div class="method">
                <div class="method-content">
                  <a name="searchTest(Airtel, 0)">
                  </a> <!-- searchTest(Airtel, 0) -->
                  <span class="method-name">searchTest</span>
                  <span class="parameters">(Airtel, 0)</span>
                  <div class="stack-trace">org.openqa.selenium.TimeoutException: Expected condition failed: waiting for presence of any elements located by By.cssSelector: div.product-thumb (tried for 10 second(s) with 500 milliseconds interval)
Build info: version: &apos;4.23.1&apos;, revision: &apos;656257d8e9&apos;
System info: os.name: &apos;Mac OS X&apos;, os.arch: &apos;aarch64&apos;, os.version: &apos;14.5&apos;, java.version: &apos;11.0.20&apos;
Driver info: org.openqa.selenium.firefox.FirefoxDriver
Capabilities {acceptInsecureCerts: true, browserName: firefox, browserVersion: 133.0.3, moz:accessibilityChecks: false, moz:buildID: 20241209150345, moz:debuggerAddress: 127.0.0.1:10806, moz:geckodriverVersion: 0.35.0, moz:headless: false, moz:platformVersion: 23.5.0, moz:processID: 47380, moz:profile: /var/folders/2j/zy7xvbdx699..., moz:shutdownTimeout: 60000, moz:webdriverClick: true, moz:windowless: false, pageLoadStrategy: normal, platformName: mac, proxy: Proxy(), se:cdp: ws://127.0.0.1:10806/devtoo..., se:cdpVersion: 85.0, setWindowRect: true, strictFileInteractability: false, timeouts: {implicit: 0, pageLoad: 300000, script: 30000}, unhandledPromptBehavior: dismiss and notify, userAgent: Mozilla/5.0 (Macintosh; Int...}
Session ID: d9c2489e-9e58-49ee-abaa-3efc155565db
	at org.openqa.selenium.support.ui.WebDriverWait.timeoutException(WebDriverWait.java:84)
	at org.openqa.selenium.support.ui.FluentWait.until(FluentWait.java:228)
	at com.qa.opencart.utils.ElementUtil.waitForPresenceOfElemenetsLocated(ElementUtil.java:418)
	at com.qa.opencart.pages.SearchResultsPage.getSearchResultsCount(SearchResultsPage.java:25)
	at com.qa.opencart.tests.AccountPageTest.searchTest(AccountPageTest.java:52)
	at java.base/jdk.internal.reflect.NativeMethodAccessorImpl.invoke0(Native Method)
	at java.base/jdk.internal.reflect.NativeMethodAccessorImpl.invoke(NativeMethodAccessorImpl.java:62)
	at java.base/jdk.internal.reflect.DelegatingMethodAccessorImpl.invoke(DelegatingMethodAccessorImpl.java:43)
	at java.base/java.lang.reflect.Method.invoke(Method.java:566)
	at org.testng.internal.MethodInvocationHelper.invokeMethod(MethodInvocationHelper.java:133)
	at org.testng.internal.TestInvoker.invokeMethod(TestInvoker.java:598)
	at org.testng.internal.TestInvoker.retryFailed(TestInvoker.java:213)
	at org.testng.internal.MethodRunner.runInSequence(MethodRunner.java:58)
	at org.testng.internal.TestInvoker$MethodInvocationAgent.invoke(TestInvoker.java:824)
	at org.testng.internal.TestInvoker.invokeTestMethods(TestInvoker.java:146)
	at org.testng.internal.TestMethodWorker.invokeTestMethods(TestMethodWorker.java:146)
	at org.testng.internal.TestMethodWorker.run(TestMethodWorker.java:128)
	at java.base/java.util.ArrayList.forEach(ArrayList.java:1541)
	at org.testng.TestRunner.privateRun(TestRunner.java:794)
	at org.testng.TestRunner.run(TestRunner.java:596)
	at org.testng.SuiteRunner.runTest(SuiteRunner.java:377)
	at org.testng.SuiteRunner.access$000(SuiteRunner.java:28)
	at org.testng.SuiteRunner$SuiteWorker.run(SuiteRunner.java:418)
	at org.testng.internal.thread.ThreadUtil.lambda$execute$0(ThreadUtil.java:64)
	at java.base/java.util.concurrent.FutureTask.run(FutureTask.java:264)
	at java.base/java.util.concurrent.ThreadPoolExecutor.runWorker(ThreadPoolExecutor.java:1128)
	at java.base/java.util.concurrent.ThreadPoolExecutor$Worker.run(ThreadPoolExecutor.java:628)
	at java.base/java.lang.Thread.run(Thread.java:834)

</div> <!-- stack-trace -->
                </div> <!-- method-content -->
              </div> <!-- method -->
              <div class="method">
                <div class="method-content">
                  <a name="searchTest(Airtel, 0)">
                  </a> <!-- searchTest(Airtel, 0) -->
                  <span class="method-name">searchTest</span>
                  <span class="parameters">(Airtel, 0)</span>
                  <div class="stack-trace">org.openqa.selenium.TimeoutException: Expected condition failed: waiting for presence of any elements located by By.cssSelector: div.product-thumb (tried for 10 second(s) with 500 milliseconds interval)
Build info: version: &apos;4.23.1&apos;, revision: &apos;656257d8e9&apos;
System info: os.name: &apos;Mac OS X&apos;, os.arch: &apos;aarch64&apos;, os.version: &apos;14.5&apos;, java.version: &apos;11.0.20&apos;
Driver info: org.openqa.selenium.firefox.FirefoxDriver
Capabilities {acceptInsecureCerts: true, browserName: firefox, browserVersion: 133.0.3, moz:accessibilityChecks: false, moz:buildID: 20241209150345, moz:debuggerAddress: 127.0.0.1:10806, moz:geckodriverVersion: 0.35.0, moz:headless: false, moz:platformVersion: 23.5.0, moz:processID: 47380, moz:profile: /var/folders/2j/zy7xvbdx699..., moz:shutdownTimeout: 60000, moz:webdriverClick: true, moz:windowless: false, pageLoadStrategy: normal, platformName: mac, proxy: Proxy(), se:cdp: ws://127.0.0.1:10806/devtoo..., se:cdpVersion: 85.0, setWindowRect: true, strictFileInteractability: false, timeouts: {implicit: 0, pageLoad: 300000, script: 30000}, unhandledPromptBehavior: dismiss and notify, userAgent: Mozilla/5.0 (Macintosh; Int...}
Session ID: d9c2489e-9e58-49ee-abaa-3efc155565db
	at org.openqa.selenium.support.ui.WebDriverWait.timeoutException(WebDriverWait.java:84)
	at org.openqa.selenium.support.ui.FluentWait.until(FluentWait.java:228)
	at com.qa.opencart.utils.ElementUtil.waitForPresenceOfElemenetsLocated(ElementUtil.java:418)
	at com.qa.opencart.pages.SearchResultsPage.getSearchResultsCount(SearchResultsPage.java:25)
	at com.qa.opencart.tests.AccountPageTest.searchTest(AccountPageTest.java:52)
	at java.base/jdk.internal.reflect.NativeMethodAccessorImpl.invoke0(Native Method)
	at java.base/jdk.internal.reflect.NativeMethodAccessorImpl.invoke(NativeMethodAccessorImpl.java:62)
	at java.base/jdk.internal.reflect.DelegatingMethodAccessorImpl.invoke(DelegatingMethodAccessorImpl.java:43)
	at java.base/java.lang.reflect.Method.invoke(Method.java:566)
	at org.testng.internal.MethodInvocationHelper.invokeMethod(MethodInvocationHelper.java:133)
	at org.testng.internal.TestInvoker.invokeMethod(TestInvoker.java:598)
	at org.testng.internal.TestInvoker.invokeTestMethod(TestInvoker.java:173)
	at org.testng.internal.MethodRunner.runInSequence(MethodRunner.java:46)
	at org.testng.internal.TestInvoker$MethodInvocationAgent.invoke(TestInvoker.java:824)
	at org.testng.internal.TestInvoker.invokeTestMethods(TestInvoker.java:146)
	at org.testng.internal.TestMethodWorker.invokeTestMethods(TestMethodWorker.java:146)
	at org.testng.internal.TestMethodWorker.run(TestMethodWorker.java:128)
	at java.base/java.util.ArrayList.forEach(ArrayList.java:1541)
	at org.testng.TestRunner.privateRun(TestRunner.java:794)
	at org.testng.TestRunner.run(TestRunner.java:596)
	at org.testng.SuiteRunner.runTest(SuiteRunner.java:377)
	at org.testng.SuiteRunner.access$000(SuiteRunner.java:28)
	at org.testng.SuiteRunner$SuiteWorker.run(SuiteRunner.java:418)
	at org.testng.internal.thread.ThreadUtil.lambda$execute$0(ThreadUtil.java:64)
	at java.base/java.util.concurrent.FutureTask.run(FutureTask.java:264)
	at java.base/java.util.concurrent.ThreadPoolExecutor.runWorker(ThreadPoolExecutor.java:1128)
	at java.base/java.util.concurrent.ThreadPoolExecutor$Worker.run(ThreadPoolExecutor.java:628)
	at java.base/java.lang.Thread.run(Thread.java:834)

</div> <!-- stack-trace -->
                </div> <!-- method-content -->
              </div> <!-- method -->
            </div> <!-- main-panel-content rounded-window-bottom -->
          </div> <!-- suite-Opencart_App_Test_Regression_Suite-class-skipped -->
          <div class="suite-Opencart_App_Test_Regression_Suite-class-passed">
            <div class="main-panel-header rounded-window-top">
              <img src="passed.png"/>
              <span class="class-name">com.qa.opencart.tests.ProductInfoPageTest</span>
            </div> <!-- main-panel-header rounded-window-top -->
            <div class="main-panel-content rounded-window-bottom">
              <div class="method">
                <div class="method-content">
                  <a name="productHeaderTest(macbook, MacBook Pro)">
                  </a> <!-- productHeaderTest(macbook, MacBook Pro) -->
                  <span class="method-name">productHeaderTest</span>
                  <span class="parameters">(macbook, MacBook Pro)</span>
                </div> <!-- method-content -->
              </div> <!-- method -->
              <div class="method">
                <div class="method-content">
                  <a name="productHeaderTest(samsung, Samsung SyncMaster 941BW)">
                  </a> <!-- productHeaderTest(samsung, Samsung SyncMaster 941BW) -->
                  <span class="method-name">productHeaderTest</span>
                  <span class="parameters">(samsung, Samsung SyncMaster 941BW)</span>
                </div> <!-- method-content -->
              </div> <!-- method -->
              <div class="method">
                <div class="method-content">
                  <a name="productHeaderTest(imac, iMac)">
                  </a> <!-- productHeaderTest(imac, iMac) -->
                  <span class="method-name">productHeaderTest</span>
                  <span class="parameters">(imac, iMac)</span>
                </div> <!-- method-content -->
              </div> <!-- method -->
              <div class="method">
                <div class="method-content">
                  <a name="productHeaderTest(canon, Canon EOS 5D)">
                  </a> <!-- productHeaderTest(canon, Canon EOS 5D) -->
                  <span class="method-name">productHeaderTest</span>
                  <span class="parameters">(canon, Canon EOS 5D)</span>
                </div> <!-- method-content -->
              </div> <!-- method -->
              <div class="method">
                <div class="method-content">
                  <a name="productImagesCountTest(samsung, Samsung Galaxy Tab 10.1, 7)">
                  </a> <!-- productImagesCountTest(samsung, Samsung Galaxy Tab 10.1, 7) -->
                  <span class="method-name">productImagesCountTest</span>
                  <span class="parameters">(samsung, Samsung Galaxy Tab 10.1, 7)</span>
                </div> <!-- method-content -->
              </div> <!-- method -->
              <div class="method">
                <div class="method-content">
                  <a name="productImagesCountTest(macbook, MacBook Pro, 4)">
                  </a> <!-- productImagesCountTest(macbook, MacBook Pro, 4) -->
                  <span class="method-name">productImagesCountTest</span>
                  <span class="parameters">(macbook, MacBook Pro, 4)</span>
                </div> <!-- method-content -->
              </div> <!-- method -->
              <div class="method">
                <div class="method-content">
                  <a name="productImagesCountTest(samsung, Samsung SyncMaster 941BW, 1)">
                  </a> <!-- productImagesCountTest(samsung, Samsung SyncMaster 941BW, 1) -->
                  <span class="method-name">productImagesCountTest</span>
                  <span class="parameters">(samsung, Samsung SyncMaster 941BW, 1)</span>
                </div> <!-- method-content -->
              </div> <!-- method -->
              <div class="method">
                <div class="method-content">
                  <a name="productImagesCountTest(canon, Canon EOS 5D, 3)">
                  </a> <!-- productImagesCountTest(canon, Canon EOS 5D, 3) -->
                  <span class="method-name">productImagesCountTest</span>
                  <span class="parameters">(canon, Canon EOS 5D, 3)</span>
                </div> <!-- method-content -->
              </div> <!-- method -->
              <div class="method">
                <div class="method-content">
                  <a name="productInfoTest">
                  </a> <!-- productInfoTest -->
                  <span class="method-name">productInfoTest</span>
                </div> <!-- method-content -->
              </div> <!-- method -->
            </div> <!-- main-panel-content rounded-window-bottom -->
          </div> <!-- suite-Opencart_App_Test_Regression_Suite-class-passed -->
          <div class="suite-Opencart_App_Test_Regression_Suite-class-passed">
            <div class="main-panel-header rounded-window-top">
              <img src="passed.png"/>
              <span class="class-name">com.qa.opencart.tests.ResigterPageTest</span>
            </div> <!-- main-panel-header rounded-window-top -->
            <div class="main-panel-content rounded-window-bottom">
              <div class="method">
                <div class="method-content">
                  <a name="userRegisterationTest(naveen, singh, 7702921111&#039;, 1234.0, yes)">
                  </a> <!-- userRegisterationTest(naveen, singh, 7702921111', 1234.0, yes) -->
                  <span class="method-name">userRegisterationTest</span>
                  <span class="parameters">(naveen, singh, 7702921111', 1234.0, yes)</span>
                </div> <!-- method-content -->
              </div> <!-- method -->
              <div class="method">
                <div class="method-content">
                  <a name="userRegisterationTest(vivek, singh, 7702921111, 1234.0, yes)">
                  </a> <!-- userRegisterationTest(vivek, singh, 7702921111, 1234.0, yes) -->
                  <span class="method-name">userRegisterationTest</span>
                  <span class="parameters">(vivek, singh, 7702921111, 1234.0, yes)</span>
                </div> <!-- method-content -->
              </div> <!-- method -->
              <div class="method">
                <div class="method-content">
                  <a name="userRegisterationTest(ram , ji, 7702921111, 1234.0, no)">
                  </a> <!-- userRegisterationTest(ram , ji, 7702921111, 1234.0, no) -->
                  <span class="method-name">userRegisterationTest</span>
                  <span class="parameters">(ram , ji, 7702921111, 1234.0, no)</span>
                </div> <!-- method-content -->
              </div> <!-- method -->
            </div> <!-- main-panel-content rounded-window-bottom -->
          </div> <!-- suite-Opencart_App_Test_Regression_Suite-class-passed -->
          <div class="suite-Opencart_App_Test_Regression_Suite-class-passed">
            <div class="main-panel-header rounded-window-top">
              <img src="passed.png"/>
              <span class="class-name">com.qa.opencart.tests.LoginPageTest</span>
            </div> <!-- main-panel-header rounded-window-top -->
            <div class="main-panel-content rounded-window-bottom">
              <div class="method">
                <div class="method-content">
                  <a name="forgotpwdLinkExitTest">
                  </a> <!-- forgotpwdLinkExitTest -->
                  <span class="method-name">forgotpwdLinkExitTest</span>
                </div> <!-- method-content -->
              </div> <!-- method -->
              <div class="method">
                <div class="method-content">
                  <a name="loginPageTitleTest">
                  </a> <!-- loginPageTitleTest -->
                  <span class="method-name">loginPageTitleTest</span>
                </div> <!-- method-content -->
              </div> <!-- method -->
              <div class="method">
                <div class="method-content">
                  <a name="loginPageUrlTest">
                  </a> <!-- loginPageUrlTest -->
                  <span class="method-name">loginPageUrlTest</span>
                </div> <!-- method-content -->
              </div> <!-- method -->
              <div class="method">
                <div class="method-content">
                  <a name="loginTest">
                  </a> <!-- loginTest -->
                  <span class="method-name">loginTest</span>
                </div> <!-- method-content -->
              </div> <!-- method -->
            </div> <!-- main-panel-content rounded-window-bottom -->
          </div> <!-- suite-Opencart_App_Test_Regression_Suite-class-passed -->
          <div class="suite-Opencart_App_Test_Regression_Suite-class-passed">
            <div class="main-panel-header rounded-window-top">
              <img src="passed.png"/>
              <span class="class-name">com.qa.opencart.tests.AccountPageTest</span>
            </div> <!-- main-panel-header rounded-window-top -->
            <div class="main-panel-content rounded-window-bottom">
              <div class="method">
                <div class="method-content">
                  <a name="accPageHeaderTest">
                  </a> <!-- accPageHeaderTest -->
                  <span class="method-name">accPageHeaderTest</span>
                </div> <!-- method-content -->
              </div> <!-- method -->
              <div class="method">
                <div class="method-content">
                  <a name="accPageTitleTest">
                  </a> <!-- accPageTitleTest -->
                  <span class="method-name">accPageTitleTest</span>
                </div> <!-- method-content -->
              </div> <!-- method -->
              <div class="method">
                <div class="method-content">
                  <a name="accPageUrlTest">
                  </a> <!-- accPageUrlTest -->
                  <span class="method-name">accPageUrlTest</span>
                </div> <!-- method-content -->
              </div> <!-- method -->
              <div class="method">
                <div class="method-content">
                  <a name="searchTest(macbook, 3)">
                  </a> <!-- searchTest(macbook, 3) -->
                  <span class="method-name">searchTest</span>
                  <span class="parameters">(macbook, 3)</span>
                </div> <!-- method-content -->
              </div> <!-- method -->
              <div class="method">
                <div class="method-content">
                  <a name="searchTest(samsung, 2)">
                  </a> <!-- searchTest(samsung, 2) -->
                  <span class="method-name">searchTest</span>
                  <span class="parameters">(samsung, 2)</span>
                </div> <!-- method-content -->
              </div> <!-- method -->
              <div class="method">
                <div class="method-content">
                  <a name="searchTest(imac, 1)">
                  </a> <!-- searchTest(imac, 1) -->
                  <span class="method-name">searchTest</span>
                  <span class="parameters">(imac, 1)</span>
                </div> <!-- method-content -->
              </div> <!-- method -->
            </div> <!-- main-panel-content rounded-window-bottom -->
          </div> <!-- suite-Opencart_App_Test_Regression_Suite-class-passed -->
        </div> <!-- panel Opencart_App_Test_Regression_Suite -->
        <div panel-name="test-xml-Opencart_App_Test_Regression_Suite" class="panel">
          <div class="main-panel-header rounded-window-top">
            <span class="header-content">/Users/viveksingh/eclipse-workspace/Jun2024POMSelenium/src/test/resource/testrunners/test_regression.xml</span>
          </div> <!-- main-panel-header rounded-window-top -->
          <div class="main-panel-content rounded-window-bottom">
            <pre>
&lt;?xml version=&quot;1.0&quot; encoding=&quot;UTF-8&quot;?&gt;
&lt;!DOCTYPE suite SYSTEM &quot;https://testng.org/testng-1.0.dtd&quot;&gt;
&lt;suite thread-count=&quot;3&quot; parallel=&quot;tests&quot; name=&quot;Opencart App Test Regression Suite&quot; guice-stage=&quot;DEVELOPMENT&quot; verbose=&quot;4&quot;&gt;
  &lt;listeners&gt;
    &lt;listener class-name=&quot;com.qa.opencart.listeners.ExtentReportListener&quot;/&gt;
    &lt;listener class-name=&quot;com.qa.opencart.listeners.TestAllureListener&quot;/&gt;
    &lt;listener class-name=&quot;com.qa.opencart.listeners.AnnotationTransformer&quot;/&gt;
  &lt;/listeners&gt;
  &lt;test thread-count=&quot;3&quot; parallel=&quot;tests&quot; name=&quot;Login Page Test&quot; verbose=&quot;4&quot;&gt;
    &lt;parameter name=&quot;browser&quot; value=&quot;chrome&quot;/&gt;
    &lt;classes&gt;
      &lt;class name=&quot;com.qa.opencart.tests.LoginPageTest&quot;/&gt;
    &lt;/classes&gt;
  &lt;/test&gt; &lt;!-- Login Page Test --&gt;
  &lt;test thread-count=&quot;3&quot; parallel=&quot;tests&quot; name=&quot;Account Page Test&quot; verbose=&quot;4&quot;&gt;
    &lt;parameter name=&quot;browser&quot; value=&quot;Firefox&quot;/&gt;
    &lt;classes&gt;
      &lt;class name=&quot;com.qa.opencart.tests.AccountPageTest&quot;/&gt;
    &lt;/classes&gt;
  &lt;/test&gt; &lt;!-- Account Page Test --&gt;
  &lt;test thread-count=&quot;3&quot; parallel=&quot;tests&quot; name=&quot;ProductInfo Page Test&quot; verbose=&quot;4&quot;&gt;
    &lt;parameter name=&quot;browser&quot; value=&quot;edge&quot;/&gt;
    &lt;classes&gt;
      &lt;class name=&quot;com.qa.opencart.tests.ProductInfoPageTest&quot;/&gt;
    &lt;/classes&gt;
  &lt;/test&gt; &lt;!-- ProductInfo Page Test --&gt;
  &lt;test thread-count=&quot;3&quot; parallel=&quot;tests&quot; name=&quot;Register Page Test&quot; verbose=&quot;4&quot;&gt;
    &lt;parameter name=&quot;browser&quot; value=&quot;Firefox&quot;/&gt;
    &lt;classes&gt;
      &lt;class name=&quot;com.qa.opencart.tests.ResigterPageTest&quot;/&gt;
    &lt;/classes&gt;
  &lt;/test&gt; &lt;!-- Register Page Test --&gt;
&lt;/suite&gt; &lt;!-- Opencart App Test Regression Suite --&gt;
            </pre>
          </div> <!-- main-panel-content rounded-window-bottom -->
        </div> <!-- panel -->
        <div panel-name="testlist-Opencart_App_Test_Regression_Suite" class="panel">
          <div class="main-panel-header rounded-window-top">
            <span class="header-content">Tests for Opencart App Test Regression Suite</span>
          </div> <!-- main-panel-header rounded-window-top -->
          <div class="main-panel-content rounded-window-bottom">
            <ul>
              <li>
                <span class="test-name">Login Page Test (1 class)</span>
              </li>
              <li>
                <span class="test-name">Account Page Test (1 class)</span>
              </li>
              <li>
                <span class="test-name">ProductInfo Page Test (1 class)</span>
              </li>
              <li>
                <span class="test-name">Register Page Test (1 class)</span>
              </li>
            </ul>
          </div> <!-- main-panel-content rounded-window-bottom -->
        </div> <!-- panel -->
        <div panel-name="group-Opencart_App_Test_Regression_Suite" class="panel">
          <div class="main-panel-header rounded-window-top">
            <span class="header-content">Groups for Opencart App Test Regression Suite</span>
          </div> <!-- main-panel-header rounded-window-top -->
          <div class="main-panel-content rounded-window-bottom">
          </div> <!-- main-panel-content rounded-window-bottom -->
        </div> <!-- panel -->
        <div panel-name="times-Opencart_App_Test_Regression_Suite" class="panel">
          <div class="main-panel-header rounded-window-top">
            <span class="header-content">Times for Opencart App Test Regression Suite</span>
          </div> <!-- main-panel-header rounded-window-top -->
          <div class="main-panel-content rounded-window-bottom">
            <div class="times-div">
              <script type="text/javascript">
suiteTableInitFunctions.push('tableData_Opencart_App_Test_Regression_Suite');
function tableData_Opencart_App_Test_Regression_Suite() {
var data = new google.visualization.DataTable();
data.addColumn('number', 'Number');
data.addColumn('string', 'Method');
data.addColumn('string', 'Class');
data.addColumn('number', 'Time (ms)');
data.addRows(30);
data.setCell(0, 0, 0)
data.setCell(0, 1, 'searchTest')
data.setCell(0, 2, 'com.qa.opencart.tests.AccountPageTest')
data.setCell(0, 3, 15806);
data.setCell(1, 0, 1)
data.setCell(1, 1, 'searchTest')
data.setCell(1, 2, 'com.qa.opencart.tests.AccountPageTest')
data.setCell(1, 3, 10905);
data.setCell(2, 0, 2)
data.setCell(2, 1, 'searchTest')
data.setCell(2, 2, 'com.qa.opencart.tests.AccountPageTest')
data.setCell(2, 3, 10741);
data.setCell(3, 0, 3)
data.setCell(3, 1, 'searchTest')
data.setCell(3, 2, 'com.qa.opencart.tests.AccountPageTest')
data.setCell(3, 3, 10695);
data.setCell(4, 0, 4)
data.setCell(4, 1, 'productHeaderTest')
data.setCell(4, 2, 'com.qa.opencart.tests.ProductInfoPageTest')
data.setCell(4, 3, 8271);
data.setCell(5, 0, 5)
data.setCell(5, 1, 'loginTest')
data.setCell(5, 2, 'com.qa.opencart.tests.LoginPageTest')
data.setCell(5, 3, 7464);
data.setCell(6, 0, 6)
data.setCell(6, 1, 'productHeaderTest')
data.setCell(6, 2, 'com.qa.opencart.tests.ProductInfoPageTest')
data.setCell(6, 3, 7075);
data.setCell(7, 0, 7)
data.setCell(7, 1, 'productImagesCountTest')
data.setCell(7, 2, 'com.qa.opencart.tests.ProductInfoPageTest')
data.setCell(7, 3, 6673);
data.setCell(8, 0, 8)
data.setCell(8, 1, 'productImagesCountTest')
data.setCell(8, 2, 'com.qa.opencart.tests.ProductInfoPageTest')
data.setCell(8, 3, 6511);
data.setCell(9, 0, 9)
data.setCell(9, 1, 'productImagesCountTest')
data.setCell(9, 2, 'com.qa.opencart.tests.ProductInfoPageTest')
data.setCell(9, 3, 6036);
data.setCell(10, 0, 10)
data.setCell(10, 1, 'productImagesCountTest')
data.setCell(10, 2, 'com.qa.opencart.tests.ProductInfoPageTest')
data.setCell(10, 3, 5958);
data.setCell(11, 0, 11)
data.setCell(11, 1, 'accPageUrlTest')
data.setCell(11, 2, 'com.qa.opencart.tests.AccountPageTest')
data.setCell(11, 3, 5125);
data.setCell(12, 0, 12)
data.setCell(12, 1, 'loginPageUrlTest')
data.setCell(12, 2, 'com.qa.opencart.tests.LoginPageTest')
data.setCell(12, 3, 5122);
data.setCell(13, 0, 13)
data.setCell(13, 1, 'userRegisterationTest')
data.setCell(13, 2, 'com.qa.opencart.tests.ResigterPageTest')
data.setCell(13, 3, 3439);
data.setCell(14, 0, 14)
data.setCell(14, 1, 'userRegisterationTest')
data.setCell(14, 2, 'com.qa.opencart.tests.ResigterPageTest')
data.setCell(14, 3, 3046);
data.setCell(15, 0, 15)
data.setCell(15, 1, 'userRegisterationTest')
data.setCell(15, 2, 'com.qa.opencart.tests.ResigterPageTest')
data.setCell(15, 3, 2997);
data.setCell(16, 0, 16)
data.setCell(16, 1, 'productHeaderTest')
data.setCell(16, 2, 'com.qa.opencart.tests.ProductInfoPageTest')
data.setCell(16, 3, 2968);
data.setCell(17, 0, 17)
data.setCell(17, 1, 'productHeaderTest')
data.setCell(17, 2, 'com.qa.opencart.tests.ProductInfoPageTest')
data.setCell(17, 3, 2798);
data.setCell(18, 0, 18)
data.setCell(18, 1, 'productImagesCountTest')
data.setCell(18, 2, 'com.qa.opencart.tests.ProductInfoPageTest')
data.setCell(18, 3, 2231);
data.setCell(19, 0, 19)
data.setCell(19, 1, 'productImagesCountTest')
data.setCell(19, 2, 'com.qa.opencart.tests.ProductInfoPageTest')
data.setCell(19, 3, 2183);
data.setCell(20, 0, 20)
data.setCell(20, 1, 'productImagesCountTest')
data.setCell(20, 2, 'com.qa.opencart.tests.ProductInfoPageTest')
data.setCell(20, 3, 2074);
data.setCell(21, 0, 21)
data.setCell(21, 1, 'productInfoTest')
data.setCell(21, 2, 'com.qa.opencart.tests.ProductInfoPageTest')
data.setCell(21, 3, 2030);
data.setCell(22, 0, 22)
data.setCell(22, 1, 'productImagesCountTest')
data.setCell(22, 2, 'com.qa.opencart.tests.ProductInfoPageTest')
data.setCell(22, 3, 1894);
data.setCell(23, 0, 23)
data.setCell(23, 1, 'forgotpwdLinkExitTest')
data.setCell(23, 2, 'com.qa.opencart.tests.LoginPageTest')
data.setCell(23, 3, 990);
data.setCell(24, 0, 24)
data.setCell(24, 1, 'searchTest')
data.setCell(24, 2, 'com.qa.opencart.tests.AccountPageTest')
data.setCell(24, 3, 853);
data.setCell(25, 0, 25)
data.setCell(25, 1, 'searchTest')
data.setCell(25, 2, 'com.qa.opencart.tests.AccountPageTest')
data.setCell(25, 3, 715);
data.setCell(26, 0, 26)
data.setCell(26, 1, 'searchTest')
data.setCell(26, 2, 'com.qa.opencart.tests.AccountPageTest')
data.setCell(26, 3, 657);
data.setCell(27, 0, 27)
data.setCell(27, 1, 'accPageHeaderTest')
data.setCell(27, 2, 'com.qa.opencart.tests.AccountPageTest')
data.setCell(27, 3, 418);
data.setCell(28, 0, 28)
data.setCell(28, 1, 'loginPageTitleTest')
data.setCell(28, 2, 'com.qa.opencart.tests.LoginPageTest')
data.setCell(28, 3, 187);
data.setCell(29, 0, 29)
data.setCell(29, 1, 'accPageTitleTest')
data.setCell(29, 2, 'com.qa.opencart.tests.AccountPageTest')
data.setCell(29, 3, 16);
window.suiteTableData['Opencart_App_Test_Regression_Suite']= { tableData: data, tableDiv: 'times-div-Opencart_App_Test_Regression_Suite'}
return data;
}
              </script>
              <span class="suite-total-time">Total running time: 1 minutes</span>
              <div id="times-div-Opencart_App_Test_Regression_Suite">
              </div> <!-- times-div-Opencart_App_Test_Regression_Suite -->
            </div> <!-- times-div -->
          </div> <!-- main-panel-content rounded-window-bottom -->
        </div> <!-- panel -->
        <div panel-name="reporter-Opencart_App_Test_Regression_Suite" class="panel">
          <div class="main-panel-header rounded-window-top">
            <span class="header-content">Reporter output for Opencart App Test Regression Suite</span>
          </div> <!-- main-panel-header rounded-window-top -->
          <div class="main-panel-content rounded-window-bottom">
          </div> <!-- main-panel-content rounded-window-bottom -->
        </div> <!-- panel -->
        <div panel-name="ignored-methods-Opencart_App_Test_Regression_Suite" class="panel">
          <div class="main-panel-header rounded-window-top">
            <span class="header-content">0 ignored methods</span>
          </div> <!-- main-panel-header rounded-window-top -->
          <div class="main-panel-content rounded-window-bottom">
          </div> <!-- main-panel-content rounded-window-bottom -->
        </div> <!-- panel -->
        <div panel-name="chronological-Opencart_App_Test_Regression_Suite" class="panel">
          <div class="main-panel-header rounded-window-top">
            <span class="header-content">Methods in chronological order</span>
          </div> <!-- main-panel-header rounded-window-top -->
          <div class="main-panel-content rounded-window-bottom">
            <div class="chronological-class">
              <div class="chronological-class-name">com.qa.opencart.tests.LoginPageTest</div> <!-- chronological-class-name -->
              <div class="configuration-test before">
                <span class="method-name">setUp(chrome)</span>
                <span class="method-start">0 ms</span>
              </div> <!-- configuration-test before -->
            </div> <!-- chronological-class -->
            <div class="chronological-class">
              <div class="chronological-class-name">com.qa.opencart.tests.AccountPageTest</div> <!-- chronological-class-name -->
              <div class="configuration-test before">
                <span class="method-name">setUp(Firefox)</span>
                <span class="method-start">0 ms</span>
              </div> <!-- configuration-test before -->
            </div> <!-- chronological-class -->
            <div class="chronological-class">
              <div class="chronological-class-name">com.qa.opencart.tests.ProductInfoPageTest</div> <!-- chronological-class-name -->
              <div class="configuration-test before">
                <span class="method-name">setUp(edge)</span>
                <span class="method-start">0 ms</span>
              </div> <!-- configuration-test before -->
            </div> <!-- chronological-class -->
            <div class="chronological-class">
              <div class="chronological-class-name">com.qa.opencart.tests.AccountPageTest</div> <!-- chronological-class-name -->
              <div class="configuration-class before">
                <span class="method-name">accSetUp</span>
                <span class="method-start">8086 ms</span>
              </div> <!-- configuration-class before -->
              <div class="test-method">
                <span class="method-name">accPageHeaderTest</span>
                <span class="method-start">9609 ms</span>
              </div> <!-- test-method -->
              <div class="test-method">
                <span class="method-name">accPageTitleTest</span>
                <span class="method-start">10156 ms</span>
              </div> <!-- test-method -->
              <div class="test-method">
                <span class="method-name">accPageUrlTest</span>
                <span class="method-start">10178 ms</span>
              </div> <!-- test-method -->
            </div> <!-- chronological-class -->
            <div class="chronological-class">
              <div class="chronological-class-name">com.qa.opencart.tests.LoginPageTest</div> <!-- chronological-class-name -->
              <div class="test-method">
                <span class="method-name">loginPageTitleTest</span>
                <span class="method-start">14974 ms</span>
              </div> <!-- test-method -->
            </div> <!-- chronological-class -->
            <div class="chronological-class">
              <div class="chronological-class-name">com.qa.opencart.tests.ProductInfoPageTest</div> <!-- chronological-class-name -->
              <div class="configuration-class before">
                <span class="method-name">productInfoSetup</span>
                <span class="method-start">15153 ms</span>
              </div> <!-- configuration-class before -->
            </div> <!-- chronological-class -->
            <div class="chronological-class">
              <div class="chronological-class-name">com.qa.opencart.tests.LoginPageTest</div> <!-- chronological-class-name -->
              <div class="test-method">
                <span class="method-name">loginPageUrlTest</span>
                <span class="method-start">15165 ms</span>
              </div> <!-- test-method -->
            </div> <!-- chronological-class -->
            <div class="chronological-class">
              <div class="chronological-class-name">com.qa.opencart.tests.AccountPageTest</div> <!-- chronological-class-name -->
              <div class="test-method">
                <span class="method-name">searchTest(macbook, 3)</span>
                <span class="method-start">15309 ms</span>
              </div> <!-- test-method -->
              <div class="test-method">
                <span class="method-name">searchTest(imac, 1)</span>
                <span class="method-start">16166 ms</span>
              </div> <!-- test-method -->
              <div class="test-method">
                <span class="method-name">searchTest(samsung, 2)</span>
                <span class="method-start">16884 ms</span>
              </div> <!-- test-method -->
              <div class="test-method">
                <span class="method-name">searchTest(Airtel, 0)</span>
                <span class="method-start">17545 ms</span>
              </div> <!-- test-method -->
            </div> <!-- chronological-class -->
            <div class="chronological-class">
              <div class="chronological-class-name">com.qa.opencart.tests.LoginPageTest</div> <!-- chronological-class-name -->
              <div class="test-method">
                <span class="method-name">forgotpwdLinkExitTest</span>
                <span class="method-start">20290 ms</span>
              </div> <!-- test-method -->
              <div class="test-method">
                <span class="method-name">loginTest</span>
                <span class="method-start">21283 ms</span>
              </div> <!-- test-method -->
            </div> <!-- chronological-class -->
            <div class="chronological-class">
              <div class="chronological-class-name">com.qa.opencart.tests.ProductInfoPageTest</div> <!-- chronological-class-name -->
              <div class="test-method">
                <span class="method-name">productHeaderTest(macbook, MacBook Pro)</span>
                <span class="method-start">22627 ms</span>
              </div> <!-- test-method -->
            </div> <!-- chronological-class -->
            <div class="chronological-class">
              <div class="chronological-class-name">com.qa.opencart.tests.AccountPageTest</div> <!-- chronological-class-name -->
              <div class="test-method">
                <span class="method-name">searchTest(Airtel, 0)</span>
                <span class="method-start">28301 ms</span>
              </div> <!-- test-method -->
            </div> <!-- chronological-class -->
            <div class="chronological-class">
              <div class="chronological-class-name">com.qa.opencart.tests.LoginPageTest</div> <!-- chronological-class-name -->
              <div class="configuration-test after">
                <span class="method-name">tearDown</span>
                <span class="method-start">28751 ms</span>
              </div> <!-- configuration-test after -->
            </div> <!-- chronological-class -->
            <div class="chronological-class">
              <div class="chronological-class-name">com.qa.opencart.tests.ProductInfoPageTest</div> <!-- chronological-class-name -->
              <div class="test-method">
                <span class="method-name">productHeaderTest(imac, iMac)</span>
                <span class="method-start">30901 ms</span>
              </div> <!-- test-method -->
            </div> <!-- chronological-class -->
            <div class="chronological-class">
              <div class="chronological-class-name">com.qa.opencart.tests.ResigterPageTest</div> <!-- chronological-class-name -->
              <div class="configuration-test before">
                <span class="method-name">setUp(Firefox)</span>
                <span class="method-start">34224 ms</span>
              </div> <!-- configuration-test before -->
            </div> <!-- chronological-class -->
            <div class="chronological-class">
              <div class="chronological-class-name">com.qa.opencart.tests.ProductInfoPageTest</div> <!-- chronological-class-name -->
              <div class="test-method">
                <span class="method-name">productHeaderTest(samsung, Samsung SyncMaster 941BW)</span>
                <span class="method-start">37979 ms</span>
              </div> <!-- test-method -->
              <div class="test-method">
                <span class="method-name">productHeaderTest(canon, Canon EOS 5D)</span>
                <span class="method-start">40779 ms</span>
              </div> <!-- test-method -->
            </div> <!-- chronological-class -->
            <div class="chronological-class">
              <div class="chronological-class-name">com.qa.opencart.tests.ResigterPageTest</div> <!-- chronological-class-name -->
              <div class="configuration-class before">
                <span class="method-name">regSetUp</span>
                <span class="method-start">41594 ms</span>
              </div> <!-- configuration-class before -->
              <div class="test-method">
                <span class="method-name">userRegisterationTest(vivek, singh, 7702921111, 1234.0, yes)</span>
                <span class="method-start">43222 ms</span>
              </div> <!-- test-method -->
            </div> <!-- chronological-class -->
            <div class="chronological-class">
              <div class="chronological-class-name">com.qa.opencart.tests.ProductInfoPageTest</div> <!-- chronological-class-name -->
              <div class="test-method">
                <span class="method-name">productImagesCountTest(macbook, MacBook Pro, 4)</span>
                <span class="method-start">43768 ms</span>
              </div> <!-- test-method -->
            </div> <!-- chronological-class -->
            <div class="chronological-class">
              <div class="chronological-class-name">com.qa.opencart.tests.AccountPageTest</div> <!-- chronological-class-name -->
              <div class="test-method">
                <span class="method-name">searchTest(Airtel, 0)</span>
                <span class="method-start">44111 ms</span>
              </div> <!-- test-method -->
            </div> <!-- chronological-class -->
            <div class="chronological-class">
              <div class="chronological-class-name">com.qa.opencart.tests.ProductInfoPageTest</div> <!-- chronological-class-name -->
              <div class="test-method">
                <span class="method-name">productImagesCountTest(imac, imac, 3)</span>
                <span class="method-start">46001 ms</span>
              </div> <!-- test-method -->
            </div> <!-- chronological-class -->
            <div class="chronological-class">
              <div class="chronological-class-name">com.qa.opencart.tests.ResigterPageTest</div> <!-- chronological-class-name -->
              <div class="test-method">
                <span class="method-name">userRegisterationTest(ram , ji, 7702921111, 1234.0, no)</span>
                <span class="method-start">46664 ms</span>
              </div> <!-- test-method -->
              <div class="test-method">
                <span class="method-name">userRegisterationTest(naveen, singh, 7702921111', 1234.0, yes)</span>
                <span class="method-start">49662 ms</span>
              </div> <!-- test-method -->
              <div class="configuration-test after">
                <span class="method-name">tearDown</span>
                <span class="method-start">52711 ms</span>
              </div> <!-- configuration-test after -->
            </div> <!-- chronological-class -->
            <div class="chronological-class">
              <div class="chronological-class-name">com.qa.opencart.tests.ProductInfoPageTest</div> <!-- chronological-class-name -->
              <div class="test-method">
                <span class="method-name">productImagesCountTest(imac, imac, 3)</span>
                <span class="method-start">52729 ms</span>
              </div> <!-- test-method -->
            </div> <!-- chronological-class -->
            <div class="chronological-class">
              <div class="chronological-class-name">com.qa.opencart.tests.AccountPageTest</div> <!-- chronological-class-name -->
              <div class="test-method">
                <img src="failed.png">
                </img>
                <span class="method-name">searchTest(Airtel, 0)</span>
                <span class="method-start">54810 ms</span>
              </div> <!-- test-method -->
            </div> <!-- chronological-class -->
            <div class="chronological-class">
              <div class="chronological-class-name">com.qa.opencart.tests.ProductInfoPageTest</div> <!-- chronological-class-name -->
              <div class="test-method">
                <span class="method-name">productImagesCountTest(imac, imac, 3)</span>
                <span class="method-start">59263 ms</span>
              </div> <!-- test-method -->
              <div class="test-method">
                <img src="failed.png">
                </img>
                <span class="method-name">productImagesCountTest(imac, imac, 3)</span>
                <span class="method-start">65236 ms</span>
              </div> <!-- test-method -->
            </div> <!-- chronological-class -->
            <div class="chronological-class">
              <div class="chronological-class-name">com.qa.opencart.tests.AccountPageTest</div> <!-- chronological-class-name -->
              <div class="configuration-test after">
                <span class="method-name">tearDown</span>
                <span class="method-start">65918 ms</span>
              </div> <!-- configuration-test after -->
            </div> <!-- chronological-class -->
            <div class="chronological-class">
              <div class="chronological-class-name">com.qa.opencart.tests.ProductInfoPageTest</div> <!-- chronological-class-name -->
              <div class="test-method">
                <span class="method-name">productImagesCountTest(samsung, Samsung SyncMaster 941BW, 1)</span>
                <span class="method-start">71711 ms</span>
              </div> <!-- test-method -->
              <div class="test-method">
                <span class="method-name">productImagesCountTest(samsung, Samsung Galaxy Tab 10.1, 7)</span>
                <span class="method-start">73895 ms</span>
              </div> <!-- test-method -->
              <div class="test-method">
                <span class="method-name">productImagesCountTest(canon, Canon EOS 5D, 3)</span>
                <span class="method-start">75970 ms</span>
              </div> <!-- test-method -->
              <div class="test-method">
                <span class="method-name">productInfoTest</span>
                <span class="method-start">77865 ms</span>
              </div> <!-- test-method -->
              <div class="configuration-test after">
                <span class="method-name">tearDown</span>
                <span class="method-start">79896 ms</span>
              </div> <!-- configuration-test after -->
          </div> <!-- main-panel-content rounded-window-bottom -->
        </div> <!-- panel -->
      </div> <!-- main-panel-root -->
    </div> <!-- wrapper -->
  </body>
<script type="text/javascript" src="testng-reports2.js"></script>
</html>
